New log file opened at Sat Oct 29 10:03:26 JST 2016 by 8284@ken
Sending msg to client play-fork-run-60edf294-0a94-4adc-b97b-ea2013dc28d6: DetachedLogEvent(LogMessage(debug,sbt server socket logs are in: C:\play\activator-1.3.12-minimal\bin\crudtraining2\.sbtserver\connections\master.log))
Sending msg to client play-fork-run-60edf294-0a94-4adc-b97b-ea2013dc28d6: DetachedLogEvent(LogMessage(debug,sbt general server logs are in: C:\play\activator-1.3.12-minimal\bin\crudtraining2\.sbtserver\master.log))
Sending msg to client play-fork-run-60edf294-0a94-4adc-b97b-ea2013dc28d6: DetachedLogEvent(LogMessage(debug,sbt client logs are in: C:\play\activator-1.3.12-minimal\bin\crudtraining2\.sbtserver\connections\play-fork-run-60edf294-0a94-4adc-b97b-ea2013dc28d6.log))
Reading next message from client.
Got request: DaemonRequest(true)
Reading next message from client.
Sending msg to client play-fork-run-60edf294-0a94-4adc-b97b-ea2013dc28d6: (3,ReceivedResponse())
Got request: ListenToEvents()
Reading next message from client.
Got request: KeyLookupRequest(root/playForkConfig)
Reading next message from client.
Sending msg to client play-fork-run-60edf294-0a94-4adc-b97b-ea2013dc28d6: BackgroundJobStarted(5,BackgroundJobInfo(1,backgroundRun,AttributeKey[sbt.BackgroundJobHandle]("backgroundRun") in Scope(Build: file:/C:/play/activator-1.3.12-minimal/bin/crudtraining2/, , Project: ProjectReference(file:/C:/play/activator-1.3.12-minimal/bin/crudtraining2/,root), Config: compile)))
Sending msg to client play-fork-run-60edf294-0a94-4adc-b97b-ea2013dc28d6: (4,ReceivedResponse())
Sending msg to client play-fork-run-60edf294-0a94-4adc-b97b-ea2013dc28d6: (5,KeyLookupResponse(root/playForkConfig,Vector(AttributeKey[play.forkrun.protocol.ForkConfig]("playForkConfig") in Scope(Build: file:/C:/play/activator-1.3.12-minimal/bin/crudtraining2/, , Project: ProjectReference(file:/C:/play/activator-1.3.12-minimal/bin/crudtraining2/,root)))))
Got request: ListenToValue(AttributeKey[play.forkrun.protocol.ForkConfig]("playForkConfig") in Scope(Build: file:/C:/play/activator-1.3.12-minimal/bin/crudtraining2/, , Project: ProjectReference(file:/C:/play/activator-1.3.12-minimal/bin/crudtraining2/,root)))
Reading next message from client.
Sending msg to client play-fork-run-60edf294-0a94-4adc-b97b-ea2013dc28d6: (6,ReceivedResponse())
Got request: KeyExecutionRequest(AttributeKey[play.forkrun.protocol.ForkConfig]("playForkConfig") in Scope(Build: file:/C:/play/activator-1.3.12-minimal/bin/crudtraining2/, , Project: ProjectReference(file:/C:/play/activator-1.3.12-minimal/bin/crudtraining2/,root)))
Reading next message from client.
Sending msg to client play-fork-run-60edf294-0a94-4adc-b97b-ea2013dc28d6: (7,ExecutionRequestReceived(6))
Sending msg to client play-fork-run-60edf294-0a94-4adc-b97b-ea2013dc28d6: ExecutionWaiting(6,{file:/C:/play/activator-1.3.12-minimal/bin/crudtraining2/}root/*:playForkConfig,ClientInfo(60edf294-0a94-4adc-b97b-ea2013dc28d6,play-fork-run,Play Fork Run,1,Vector()))
Sending msg to client play-fork-run-60edf294-0a94-4adc-b97b-ea2013dc28d6: ExecutionStarting(6)
Sending msg to client play-fork-run-60edf294-0a94-4adc-b97b-ea2013dc28d6: DetachedLogEvent(LogMessage(debug,> {file:/C:/play/activator-1.3.12-minimal/bin/crudtraining2/}root/*:playForkConfig))
Sending msg to client play-fork-run-60edf294-0a94-4adc-b97b-ea2013dc28d6: DetachedLogEvent(LogMessage(debug,Evaluating tasks: *:playForkConfig))
Sending msg to client play-fork-run-60edf294-0a94-4adc-b97b-ea2013dc28d6: DetachedLogEvent(LogMessage(debug,Running task... Cancel: sbt.server.ServerTaskCancellation@425f9093, check cycles: false))
Sending msg to client play-fork-run-60edf294-0a94-4adc-b97b-ea2013dc28d6: DetachedLogEvent(LogMessage(debug,cancel strategy start enabled=true lastCommand=Some(LastCommand(CommandExecutionWork(ExecutionId(6),{file:/C:/play/activator-1.3.12-minimal/bin/crudtraining2/}root/*:playForkConfig,Set(LiveClient(play-fork-run 60edf294-0a94-4adc-b97b-ea2013dc28d6)),sbt.server.WorkCancellationStatus$$anon$1@143a62d5)))))
Sending msg to client play-fork-run-60edf294-0a94-4adc-b97b-ea2013dc28d6: TaskStarted(6,445,Some(AttributeKey[scala.Option[java.lang.String]]("mainClass") in Scope(Build: file:/C:/play/activator-1.3.12-minimal/bin/crudtraining2/, , Project: ProjectReference(file:/C:/play/activator-1.3.12-minimal/bin/crudtraining2/,root), Config: compile, Task: AttributeKey[void]("run"))))
Sending msg to client play-fork-run-60edf294-0a94-4adc-b97b-ea2013dc28d6: TaskStarted(6,447,Some(AttributeKey[scala.Tuple2[java.lang.String,java.io.File]]("playPrefixAndAssets") in Scope(Build: file:/C:/play/activator-1.3.12-minimal/bin/crudtraining2/, , Project: ProjectReference(file:/C:/play/activator-1.3.12-minimal/bin/crudtraining2/,root))))
Sending msg to client play-fork-run-60edf294-0a94-4adc-b97b-ea2013dc28d6: TaskStarted(6,451,None)
Sending msg to client play-fork-run-60edf294-0a94-4adc-b97b-ea2013dc28d6: TaskStarted(6,452,None)
Sending msg to client play-fork-run-60edf294-0a94-4adc-b97b-ea2013dc28d6: TaskStarted(6,455,None)
Sending msg to client play-fork-run-60edf294-0a94-4adc-b97b-ea2013dc28d6: TaskStarted(6,466,None)
Sending msg to client play-fork-run-60edf294-0a94-4adc-b97b-ea2013dc28d6: TaskStarted(6,472,Some(AttributeKey[java.lang.String]("updateCacheName") in Scope(Build: file:/C:/play/activator-1.3.12-minimal/bin/crudtraining2/, , Project: ProjectReference(file:/C:/play/activator-1.3.12-minimal/bin/crudtraining2/,root))))
Sending msg to client play-fork-run-60edf294-0a94-4adc-b97b-ea2013dc28d6: TaskStarted(6,475,None)
Sending msg to client play-fork-run-60edf294-0a94-4adc-b97b-ea2013dc28d6: TaskStarted(6,476,None)
Sending msg to client play-fork-run-60edf294-0a94-4adc-b97b-ea2013dc28d6: TaskStarted(6,477,None)
Sending msg to client play-fork-run-60edf294-0a94-4adc-b97b-ea2013dc28d6: TaskStarted(6,484,Some(AttributeKey[scala.Option[scala.collection.Seq[sbt.Resolver]]]("bootResolvers") in Scope(Build: file:/C:/play/activator-1.3.12-minimal/bin/crudtraining2/, , Project: ProjectReference(file:/C:/play/activator-1.3.12-minimal/bin/crudtraining2/,root))))
Sending msg to client play-fork-run-60edf294-0a94-4adc-b97b-ea2013dc28d6: TaskStarted(6,488,Some(AttributeKey[scala.collection.Seq[sbt.Resolver]]("externalResolvers") in Scope(Build: file:/C:/play/activator-1.3.12-minimal/bin/crudtraining2/, , Project: ProjectReference(file:/C:/play/activator-1.3.12-minimal/bin/crudtraining2/,root))))
Sending msg to client play-fork-run-60edf294-0a94-4adc-b97b-ea2013dc28d6: TaskStarted(6,489,Some(AttributeKey[scala.collection.Seq[sbt.Credentials]]("credentials") in Scope(Global)))
Sending msg to client play-fork-run-60edf294-0a94-4adc-b97b-ea2013dc28d6: TaskStarted(6,493,Some(AttributeKey[boolean]("skip") in Scope(Global)))
Sending msg to client play-fork-run-60edf294-0a94-4adc-b97b-ea2013dc28d6: TaskStarted(6,495,None)
Sending msg to client play-fork-run-60edf294-0a94-4adc-b97b-ea2013dc28d6: TaskStarted(6,498,Some(AttributeKey[scala.collection.Seq[java.lang.String]]("javaOptions") in Scope(Global)))
Sending msg to client play-fork-run-60edf294-0a94-4adc-b97b-ea2013dc28d6: TaskStarted(6,499,None)
Sending msg to client play-fork-run-60edf294-0a94-4adc-b97b-ea2013dc28d6: TaskFinished(6,445,Some(AttributeKey[scala.Option[java.lang.String]]("mainClass") in Scope(Build: file:/C:/play/activator-1.3.12-minimal/bin/crudtraining2/, , Project: ProjectReference(file:/C:/play/activator-1.3.12-minimal/bin/crudtraining2/,root), Config: compile, Task: AttributeKey[void]("run"))),true,None)
Sending msg to client play-fork-run-60edf294-0a94-4adc-b97b-ea2013dc28d6: TaskFinished(6,451,None,true,None)
Sending msg to client play-fork-run-60edf294-0a94-4adc-b97b-ea2013dc28d6: TaskStarted(6,450,Some(AttributeKey[sbt.BuildStructure]("buildStructure") in Scope(Global)))
Sending msg to client play-fork-run-60edf294-0a94-4adc-b97b-ea2013dc28d6: TaskStarted(6,496,Some(AttributeKey[java.io.File]("dependencyCacheDirectory") in Scope(Build: file:/C:/play/activator-1.3.12-minimal/bin/crudtraining2/, , Project: ProjectReference(file:/C:/play/activator-1.3.12-minimal/bin/crudtraining2/,root))))
Sending msg to client play-fork-run-60edf294-0a94-4adc-b97b-ea2013dc28d6: TaskFinished(6,466,None,true,None)
Sending msg to client play-fork-run-60edf294-0a94-4adc-b97b-ea2013dc28d6: TaskFinished(6,472,Some(AttributeKey[java.lang.String]("updateCacheName") in Scope(Build: file:/C:/play/activator-1.3.12-minimal/bin/crudtraining2/, , Project: ProjectReference(file:/C:/play/activator-1.3.12-minimal/bin/crudtraining2/,root))),true,None)
Sending msg to client play-fork-run-60edf294-0a94-4adc-b97b-ea2013dc28d6: TaskFinished(6,475,None,true,None)
Sending msg to client play-fork-run-60edf294-0a94-4adc-b97b-ea2013dc28d6: TaskFinished(6,447,Some(AttributeKey[scala.Tuple2[java.lang.String,java.io.File]]("playPrefixAndAssets") in Scope(Build: file:/C:/play/activator-1.3.12-minimal/bin/crudtraining2/, , Project: ProjectReference(file:/C:/play/activator-1.3.12-minimal/bin/crudtraining2/,root))),true,None)
Sending msg to client play-fork-run-60edf294-0a94-4adc-b97b-ea2013dc28d6: TaskStarted(6,446,Some(AttributeKey[scala.collection.Seq[scala.Tuple2[java.lang.String,java.io.File]]]("playAllAssets") in Scope(Build: file:/C:/play/activator-1.3.12-minimal/bin/crudtraining2/, , Project: ProjectReference(file:/C:/play/activator-1.3.12-minimal/bin/crudtraining2/,root))))
Sending msg to client play-fork-run-60edf294-0a94-4adc-b97b-ea2013dc28d6: TaskFinished(6,452,None,true,None)
Sending msg to client play-fork-run-60edf294-0a94-4adc-b97b-ea2013dc28d6: TaskFinished(6,476,None,true,None)
Sending msg to client play-fork-run-60edf294-0a94-4adc-b97b-ea2013dc28d6: TaskStarted(6,474,Some(AttributeKey[scala.collection.Seq[sbt.UpdateReport]]("transitiveUpdate") in Scope(Build: file:/C:/play/activator-1.3.12-minimal/bin/crudtraining2/, , Project: ProjectReference(file:/C:/play/activator-1.3.12-minimal/bin/crudtraining2/,root))))
Sending msg to client play-fork-run-60edf294-0a94-4adc-b97b-ea2013dc28d6: TaskFinished(6,477,None,true,None)
Sending msg to client play-fork-run-60edf294-0a94-4adc-b97b-ea2013dc28d6: TaskFinished(6,484,Some(AttributeKey[scala.Option[scala.collection.Seq[sbt.Resolver]]]("bootResolvers") in Scope(Build: file:/C:/play/activator-1.3.12-minimal/bin/crudtraining2/, , Project: ProjectReference(file:/C:/play/activator-1.3.12-minimal/bin/crudtraining2/,root))),true,None)
Sending msg to client play-fork-run-60edf294-0a94-4adc-b97b-ea2013dc28d6: TaskFinished(6,489,Some(AttributeKey[scala.collection.Seq[sbt.Credentials]]("credentials") in Scope(Global)),true,None)
Sending msg to client play-fork-run-60edf294-0a94-4adc-b97b-ea2013dc28d6: TaskFinished(6,488,Some(AttributeKey[scala.collection.Seq[sbt.Resolver]]("externalResolvers") in Scope(Build: file:/C:/play/activator-1.3.12-minimal/bin/crudtraining2/, , Project: ProjectReference(file:/C:/play/activator-1.3.12-minimal/bin/crudtraining2/,root))),true,None)
Sending msg to client play-fork-run-60edf294-0a94-4adc-b97b-ea2013dc28d6: TaskFinished(6,493,Some(AttributeKey[boolean]("skip") in Scope(Global)),true,None)
Sending msg to client play-fork-run-60edf294-0a94-4adc-b97b-ea2013dc28d6: TaskFinished(6,495,None,true,None)
Sending msg to client play-fork-run-60edf294-0a94-4adc-b97b-ea2013dc28d6: TaskFinished(6,498,Some(AttributeKey[scala.collection.Seq[java.lang.String]]("javaOptions") in Scope(Global)),true,None)
Sending msg to client play-fork-run-60edf294-0a94-4adc-b97b-ea2013dc28d6: TaskFinished(6,499,None,true,None)
Sending msg to client play-fork-run-60edf294-0a94-4adc-b97b-ea2013dc28d6: TaskStarted(6,497,Some(AttributeKey[scala.collection.Seq[java.lang.String]]("javaOptions") in Scope(Build: file:/C:/play/activator-1.3.12-minimal/bin/crudtraining2/, )))
Sending msg to client play-fork-run-60edf294-0a94-4adc-b97b-ea2013dc28d6: TaskFinished(6,450,Some(AttributeKey[sbt.BuildStructure]("buildStructure") in Scope(Global)),true,None)
Sending msg to client play-fork-run-60edf294-0a94-4adc-b97b-ea2013dc28d6: TaskStarted(6,449,Some(AttributeKey[sbt.Settings[sbt.Scope]]("settingsData") in Scope(Global)))
Sending msg to client play-fork-run-60edf294-0a94-4adc-b97b-ea2013dc28d6: TaskFinished(6,496,Some(AttributeKey[java.io.File]("dependencyCacheDirectory") in Scope(Build: file:/C:/play/activator-1.3.12-minimal/bin/crudtraining2/, , Project: ProjectReference(file:/C:/play/activator-1.3.12-minimal/bin/crudtraining2/,root))),true,None)
Sending msg to client play-fork-run-60edf294-0a94-4adc-b97b-ea2013dc28d6: TaskFinished(6,455,None,true,None)
Sending msg to client play-fork-run-60edf294-0a94-4adc-b97b-ea2013dc28d6: TaskStarted(6,454,None)
Sending msg to client play-fork-run-60edf294-0a94-4adc-b97b-ea2013dc28d6: TaskStarted(6,459,None)
Sending msg to client play-fork-run-60edf294-0a94-4adc-b97b-ea2013dc28d6: TaskStarted(6,461,None)
Sending msg to client play-fork-run-60edf294-0a94-4adc-b97b-ea2013dc28d6: TaskStarted(6,468,None)
Sending msg to client play-fork-run-60edf294-0a94-4adc-b97b-ea2013dc28d6: TaskStarted(6,473,None)
Sending msg to client play-fork-run-60edf294-0a94-4adc-b97b-ea2013dc28d6: TaskStarted(6,480,None)
Sending msg to client play-fork-run-60edf294-0a94-4adc-b97b-ea2013dc28d6: TaskStarted(6,482,None)
Sending msg to client play-fork-run-60edf294-0a94-4adc-b97b-ea2013dc28d6: TaskStarted(6,487,None)
Sending msg to client play-fork-run-60edf294-0a94-4adc-b97b-ea2013dc28d6: TaskFinished(6,446,Some(AttributeKey[scala.collection.Seq[scala.Tuple2[java.lang.String,java.io.File]]]("playAllAssets") in Scope(Build: file:/C:/play/activator-1.3.12-minimal/bin/crudtraining2/, , Project: ProjectReference(file:/C:/play/activator-1.3.12-minimal/bin/crudtraining2/,root))),true,None)
Sending msg to client play-fork-run-60edf294-0a94-4adc-b97b-ea2013dc28d6: TaskFinished(6,474,Some(AttributeKey[scala.collection.Seq[sbt.UpdateReport]]("transitiveUpdate") in Scope(Build: file:/C:/play/activator-1.3.12-minimal/bin/crudtraining2/, , Project: ProjectReference(file:/C:/play/activator-1.3.12-minimal/bin/crudtraining2/,root))),true,None)
Sending msg to client play-fork-run-60edf294-0a94-4adc-b97b-ea2013dc28d6: TaskFinished(6,497,Some(AttributeKey[scala.collection.Seq[java.lang.String]]("javaOptions") in Scope(Build: file:/C:/play/activator-1.3.12-minimal/bin/crudtraining2/, )),true,None)
Sending msg to client play-fork-run-60edf294-0a94-4adc-b97b-ea2013dc28d6: TaskFinished(6,449,Some(AttributeKey[sbt.Settings[sbt.Scope]]("settingsData") in Scope(Global)),true,None)
Sending msg to client play-fork-run-60edf294-0a94-4adc-b97b-ea2013dc28d6: TaskStarted(6,448,Some(AttributeKey[scala.collection.Seq[java.io.File]]("playMonitoredFiles") in Scope(Build: file:/C:/play/activator-1.3.12-minimal/bin/crudtraining2/, , Project: ProjectReference(file:/C:/play/activator-1.3.12-minimal/bin/crudtraining2/,root))))
Sending msg to client play-fork-run-60edf294-0a94-4adc-b97b-ea2013dc28d6: TaskStarted(6,458,None)
Sending msg to client play-fork-run-60edf294-0a94-4adc-b97b-ea2013dc28d6: TaskStarted(6,492,Some(AttributeKey[scala.collection.Seq[sbt.ModuleID]]("projectDependencies") in Scope(Build: file:/C:/play/activator-1.3.12-minimal/bin/crudtraining2/, , Project: ProjectReference(file:/C:/play/activator-1.3.12-minimal/bin/crudtraining2/,root))))
Sending msg to client play-fork-run-60edf294-0a94-4adc-b97b-ea2013dc28d6: TaskStarted(6,494,None)
Sending msg to client play-fork-run-60edf294-0a94-4adc-b97b-ea2013dc28d6: TaskFinished(6,454,None,true,None)
Sending msg to client play-fork-run-60edf294-0a94-4adc-b97b-ea2013dc28d6: TaskFinished(6,459,None,true,None)
Sending msg to client play-fork-run-60edf294-0a94-4adc-b97b-ea2013dc28d6: TaskFinished(6,473,None,true,None)
Sending msg to client play-fork-run-60edf294-0a94-4adc-b97b-ea2013dc28d6: TaskStarted(6,471,Some(AttributeKey[scala.collection.immutable.Map[sbt.ModuleID,sbt.SourcePosition]]("dependencyPositions") in Scope(Build: file:/C:/play/activator-1.3.12-minimal/bin/crudtraining2/, , Project: ProjectReference(file:/C:/play/activator-1.3.12-minimal/bin/crudtraining2/,root))))
Sending msg to client play-fork-run-60edf294-0a94-4adc-b97b-ea2013dc28d6: TaskFinished(6,480,None,true,None)
Sending msg to client play-fork-run-60edf294-0a94-4adc-b97b-ea2013dc28d6: TaskFinished(6,468,None,true,None)
Sending msg to client play-fork-run-60edf294-0a94-4adc-b97b-ea2013dc28d6: TaskFinished(6,482,None,true,None)
Sending msg to client play-fork-run-60edf294-0a94-4adc-b97b-ea2013dc28d6: TaskFinished(6,461,None,true,None)
Sending msg to client play-fork-run-60edf294-0a94-4adc-b97b-ea2013dc28d6: TaskFinished(6,487,None,true,None)
Sending msg to client play-fork-run-60edf294-0a94-4adc-b97b-ea2013dc28d6: TaskStarted(6,486,Some(AttributeKey[scala.collection.immutable.Map[org.apache.ivy.core.module.id.ModuleRevisionId,org.apache.ivy.core.module.descriptor.ModuleDescriptor]]("projectDescriptors") in Scope(Build: file:/C:/play/activator-1.3.12-minimal/bin/crudtraining2/, , Project: ProjectReference(file:/C:/play/activator-1.3.12-minimal/bin/crudtraining2/,root))))
Sending msg to client play-fork-run-60edf294-0a94-4adc-b97b-ea2013dc28d6: TaskStarted(6,502,None)
Sending msg to client play-fork-run-60edf294-0a94-4adc-b97b-ea2013dc28d6: TaskStarted(6,507,None)
Sending msg to client play-fork-run-60edf294-0a94-4adc-b97b-ea2013dc28d6: TaskStarted(6,509,None)
Sending msg to client play-fork-run-60edf294-0a94-4adc-b97b-ea2013dc28d6: TaskStarted(6,510,None)
Sending msg to client play-fork-run-60edf294-0a94-4adc-b97b-ea2013dc28d6: TaskStarted(6,512,None)
Sending msg to client play-fork-run-60edf294-0a94-4adc-b97b-ea2013dc28d6: TaskStarted(6,513,None)
Sending msg to client play-fork-run-60edf294-0a94-4adc-b97b-ea2013dc28d6: TaskFinished(6,492,Some(AttributeKey[scala.collection.Seq[sbt.ModuleID]]("projectDependencies") in Scope(Build: file:/C:/play/activator-1.3.12-minimal/bin/crudtraining2/, , Project: ProjectReference(file:/C:/play/activator-1.3.12-minimal/bin/crudtraining2/,root))),true,None)
Sending msg to client play-fork-run-60edf294-0a94-4adc-b97b-ea2013dc28d6: TaskStarted(6,491,Some(AttributeKey[scala.collection.Seq[sbt.ModuleID]]("allDependencies") in Scope(Build: file:/C:/play/activator-1.3.12-minimal/bin/crudtraining2/, , Project: ProjectReference(file:/C:/play/activator-1.3.12-minimal/bin/crudtraining2/,root))))
Sending msg to client play-fork-run-60edf294-0a94-4adc-b97b-ea2013dc28d6: TaskStarted(6,514,None)
Sending msg to client play-fork-run-60edf294-0a94-4adc-b97b-ea2013dc28d6: TaskFinished(6,471,Some(AttributeKey[scala.collection.immutable.Map[sbt.ModuleID,sbt.SourcePosition]]("dependencyPositions") in Scope(Build: file:/C:/play/activator-1.3.12-minimal/bin/crudtraining2/, , Project: ProjectReference(file:/C:/play/activator-1.3.12-minimal/bin/crudtraining2/,root))),true,None)
Sending msg to client play-fork-run-60edf294-0a94-4adc-b97b-ea2013dc28d6: TaskStarted(6,470,Some(AttributeKey[sbt.UnresolvedWarningConfiguration]("unresolvedWarningConfiguration") in Scope(Build: file:/C:/play/activator-1.3.12-minimal/bin/crudtraining2/, , Project: ProjectReference(file:/C:/play/activator-1.3.12-minimal/bin/crudtraining2/,root), Task: AttributeKey[sbt.UpdateReport]("update"))))
Sending msg to client play-fork-run-60edf294-0a94-4adc-b97b-ea2013dc28d6: TaskFinished(6,507,None,true,None)
Sending msg to client play-fork-run-60edf294-0a94-4adc-b97b-ea2013dc28d6: TaskStarted(6,506,None)
Sending msg to client play-fork-run-60edf294-0a94-4adc-b97b-ea2013dc28d6: TaskFinished(6,509,None,true,None)
Sending msg to client play-fork-run-60edf294-0a94-4adc-b97b-ea2013dc28d6: TaskFinished(6,510,None,true,None)
Sending msg to client play-fork-run-60edf294-0a94-4adc-b97b-ea2013dc28d6: TaskStarted(6,508,Some(AttributeKey[scala.collection.Seq[sbt.Attributed[java.io.File]]]("unmanagedJars") in Scope(Build: file:/C:/play/activator-1.3.12-minimal/bin/crudtraining2/, , Project: ProjectReference(file:/C:/play/activator-1.3.12-minimal/bin/crudtraining2/,root), Config: compile)))
Sending msg to client play-fork-run-60edf294-0a94-4adc-b97b-ea2013dc28d6: TaskStarted(6,516,None)
Sending msg to client play-fork-run-60edf294-0a94-4adc-b97b-ea2013dc28d6: TaskFinished(6,502,None,true,None)
Sending msg to client play-fork-run-60edf294-0a94-4adc-b97b-ea2013dc28d6: TaskFinished(6,448,Some(AttributeKey[scala.collection.Seq[java.io.File]]("playMonitoredFiles") in Scope(Build: file:/C:/play/activator-1.3.12-minimal/bin/crudtraining2/, , Project: ProjectReference(file:/C:/play/activator-1.3.12-minimal/bin/crudtraining2/,root))),true,None)
Sending msg to client play-fork-run-60edf294-0a94-4adc-b97b-ea2013dc28d6: TaskFinished(6,512,None,true,None)
Sending msg to client play-fork-run-60edf294-0a94-4adc-b97b-ea2013dc28d6: TaskFinished(6,513,None,true,None)
Sending msg to client play-fork-run-60edf294-0a94-4adc-b97b-ea2013dc28d6: TaskStarted(6,511,Some(AttributeKey[scala.collection.Seq[sbt.Attributed[java.io.File]]]("unmanagedJars") in Scope(Build: file:/C:/play/activator-1.3.12-minimal/bin/crudtraining2/, , Project: ProjectReference(file:/C:/play/activator-1.3.12-minimal/bin/crudtraining2/,root), Config: runtime)))
Sending msg to client play-fork-run-60edf294-0a94-4adc-b97b-ea2013dc28d6: TaskFinished(6,491,Some(AttributeKey[scala.collection.Seq[sbt.ModuleID]]("allDependencies") in Scope(Build: file:/C:/play/activator-1.3.12-minimal/bin/crudtraining2/, , Project: ProjectReference(file:/C:/play/activator-1.3.12-minimal/bin/crudtraining2/,root))),true,None)
Sending msg to client play-fork-run-60edf294-0a94-4adc-b97b-ea2013dc28d6: TaskStarted(6,490,Some(AttributeKey[sbt.ModuleSettings]("moduleSettings") in Scope(Build: file:/C:/play/activator-1.3.12-minimal/bin/crudtraining2/, , Project: ProjectReference(file:/C:/play/activator-1.3.12-minimal/bin/crudtraining2/,root))))
Sending msg to client play-fork-run-60edf294-0a94-4adc-b97b-ea2013dc28d6: TaskFinished(6,514,None,true,None)
Sending msg to client play-fork-run-60edf294-0a94-4adc-b97b-ea2013dc28d6: TaskFinished(6,494,None,true,None)
Sending msg to client play-fork-run-60edf294-0a94-4adc-b97b-ea2013dc28d6: TaskFinished(6,470,Some(AttributeKey[sbt.UnresolvedWarningConfiguration]("unresolvedWarningConfiguration") in Scope(Build: file:/C:/play/activator-1.3.12-minimal/bin/crudtraining2/, , Project: ProjectReference(file:/C:/play/activator-1.3.12-minimal/bin/crudtraining2/,root), Task: AttributeKey[sbt.UpdateReport]("update"))),true,None)
Sending msg to client play-fork-run-60edf294-0a94-4adc-b97b-ea2013dc28d6: TaskStarted(6,517,None)
Sending msg to client play-fork-run-60edf294-0a94-4adc-b97b-ea2013dc28d6: TaskFinished(6,516,None,true,None)
Sending msg to client play-fork-run-60edf294-0a94-4adc-b97b-ea2013dc28d6: TaskStarted(6,515,None)
Sending msg to client play-fork-run-60edf294-0a94-4adc-b97b-ea2013dc28d6: TaskFinished(6,508,Some(AttributeKey[scala.collection.Seq[sbt.Attributed[java.io.File]]]("unmanagedJars") in Scope(Build: file:/C:/play/activator-1.3.12-minimal/bin/crudtraining2/, , Project: ProjectReference(file:/C:/play/activator-1.3.12-minimal/bin/crudtraining2/,root), Config: compile)),true,None)
Sending msg to client play-fork-run-60edf294-0a94-4adc-b97b-ea2013dc28d6: TaskFinished(6,490,Some(AttributeKey[sbt.ModuleSettings]("moduleSettings") in Scope(Build: file:/C:/play/activator-1.3.12-minimal/bin/crudtraining2/, , Project: ProjectReference(file:/C:/play/activator-1.3.12-minimal/bin/crudtraining2/,root))),true,None)
Sending msg to client play-fork-run-60edf294-0a94-4adc-b97b-ea2013dc28d6: TaskFinished(6,517,None,true,None)
Sending msg to client play-fork-run-60edf294-0a94-4adc-b97b-ea2013dc28d6: TaskFinished(6,506,None,true,None)
Sending msg to client play-fork-run-60edf294-0a94-4adc-b97b-ea2013dc28d6: TaskStarted(6,505,Some(AttributeKey[scala.collection.Seq[sbt.Attributed[java.io.File]]]("unmanagedJars") in Scope(Build: file:/C:/play/activator-1.3.12-minimal/bin/crudtraining2/, , Project: ProjectReference(file:/C:/play/activator-1.3.12-minimal/bin/crudtraining2/,root), Config: compile)))
Sending msg to client play-fork-run-60edf294-0a94-4adc-b97b-ea2013dc28d6: TaskFinished(6,515,None,true,None)
Sending msg to client play-fork-run-60edf294-0a94-4adc-b97b-ea2013dc28d6: TaskFinished(6,486,Some(AttributeKey[scala.collection.immutable.Map[org.apache.ivy.core.module.id.ModuleRevisionId,org.apache.ivy.core.module.descriptor.ModuleDescriptor]]("projectDescriptors") in Scope(Build: file:/C:/play/activator-1.3.12-minimal/bin/crudtraining2/, , Project: ProjectReference(file:/C:/play/activator-1.3.12-minimal/bin/crudtraining2/,root))),true,None)
Sending msg to client play-fork-run-60edf294-0a94-4adc-b97b-ea2013dc28d6: TaskStarted(6,485,Some(AttributeKey[sbt.Resolver]("projectResolver") in Scope(Build: file:/C:/play/activator-1.3.12-minimal/bin/crudtraining2/, , Project: ProjectReference(file:/C:/play/activator-1.3.12-minimal/bin/crudtraining2/,root))))
Sending msg to client play-fork-run-60edf294-0a94-4adc-b97b-ea2013dc28d6: TaskFinished(6,511,Some(AttributeKey[scala.collection.Seq[sbt.Attributed[java.io.File]]]("unmanagedJars") in Scope(Build: file:/C:/play/activator-1.3.12-minimal/bin/crudtraining2/, , Project: ProjectReference(file:/C:/play/activator-1.3.12-minimal/bin/crudtraining2/,root), Config: runtime)),true,None)
Sending msg to client play-fork-run-60edf294-0a94-4adc-b97b-ea2013dc28d6: TaskFinished(6,505,Some(AttributeKey[scala.collection.Seq[sbt.Attributed[java.io.File]]]("unmanagedJars") in Scope(Build: file:/C:/play/activator-1.3.12-minimal/bin/crudtraining2/, , Project: ProjectReference(file:/C:/play/activator-1.3.12-minimal/bin/crudtraining2/,root), Config: compile)),true,None)
Sending msg to client play-fork-run-60edf294-0a94-4adc-b97b-ea2013dc28d6: TaskStarted(6,504,None)
Sending msg to client play-fork-run-60edf294-0a94-4adc-b97b-ea2013dc28d6: TaskFinished(6,485,Some(AttributeKey[sbt.Resolver]("projectResolver") in Scope(Build: file:/C:/play/activator-1.3.12-minimal/bin/crudtraining2/, , Project: ProjectReference(file:/C:/play/activator-1.3.12-minimal/bin/crudtraining2/,root))),true,None)
Sending msg to client play-fork-run-60edf294-0a94-4adc-b97b-ea2013dc28d6: TaskStarted(6,483,Some(AttributeKey[scala.collection.Seq[sbt.Resolver]]("fullResolvers") in Scope(Build: file:/C:/play/activator-1.3.12-minimal/bin/crudtraining2/, , Project: ProjectReference(file:/C:/play/activator-1.3.12-minimal/bin/crudtraining2/,root))))
Sending msg to client play-fork-run-60edf294-0a94-4adc-b97b-ea2013dc28d6: TaskFinished(6,504,None,true,None)
Sending msg to client play-fork-run-60edf294-0a94-4adc-b97b-ea2013dc28d6: TaskStarted(6,503,None)
Sending msg to client play-fork-run-60edf294-0a94-4adc-b97b-ea2013dc28d6: TaskFinished(6,483,Some(AttributeKey[scala.collection.Seq[sbt.Resolver]]("fullResolvers") in Scope(Build: file:/C:/play/activator-1.3.12-minimal/bin/crudtraining2/, , Project: ProjectReference(file:/C:/play/activator-1.3.12-minimal/bin/crudtraining2/,root))),true,None)
Sending msg to client play-fork-run-60edf294-0a94-4adc-b97b-ea2013dc28d6: TaskStarted(6,481,Some(AttributeKey[sbt.IvyConfiguration]("ivyConfiguration") in Scope(Build: file:/C:/play/activator-1.3.12-minimal/bin/crudtraining2/, , Project: ProjectReference(file:/C:/play/activator-1.3.12-minimal/bin/crudtraining2/,root))))
Sending msg to client play-fork-run-60edf294-0a94-4adc-b97b-ea2013dc28d6: TaskFinished(6,503,None,true,None)
Sending msg to client play-fork-run-60edf294-0a94-4adc-b97b-ea2013dc28d6: TaskFinished(6,458,None,true,None)
Sending msg to client play-fork-run-60edf294-0a94-4adc-b97b-ea2013dc28d6: TaskStarted(6,457,Some(AttributeKey[scala.collection.Seq[sbt.Attributed[java.io.File]]]("unmanagedClasspath") in Scope(Build: file:/C:/play/activator-1.3.12-minimal/bin/crudtraining2/, , Project: ProjectReference(file:/C:/play/activator-1.3.12-minimal/bin/crudtraining2/,root), Config: runtime)))
Sending msg to client play-fork-run-60edf294-0a94-4adc-b97b-ea2013dc28d6: TaskFinished(6,481,Some(AttributeKey[sbt.IvyConfiguration]("ivyConfiguration") in Scope(Build: file:/C:/play/activator-1.3.12-minimal/bin/crudtraining2/, , Project: ProjectReference(file:/C:/play/activator-1.3.12-minimal/bin/crudtraining2/,root))),true,None)
Sending msg to client play-fork-run-60edf294-0a94-4adc-b97b-ea2013dc28d6: TaskStarted(6,479,Some(AttributeKey[sbt.IvySbt]("ivySbt") in Scope(Build: file:/C:/play/activator-1.3.12-minimal/bin/crudtraining2/, , Project: ProjectReference(file:/C:/play/activator-1.3.12-minimal/bin/crudtraining2/,root))))
Sending msg to client play-fork-run-60edf294-0a94-4adc-b97b-ea2013dc28d6: TaskFinished(6,457,Some(AttributeKey[scala.collection.Seq[sbt.Attributed[java.io.File]]]("unmanagedClasspath") in Scope(Build: file:/C:/play/activator-1.3.12-minimal/bin/crudtraining2/, , Project: ProjectReference(file:/C:/play/activator-1.3.12-minimal/bin/crudtraining2/,root), Config: runtime)),true,None)
Sending msg to client play-fork-run-60edf294-0a94-4adc-b97b-ea2013dc28d6: TaskFinished(6,479,Some(AttributeKey[sbt.IvySbt]("ivySbt") in Scope(Build: file:/C:/play/activator-1.3.12-minimal/bin/crudtraining2/, , Project: ProjectReference(file:/C:/play/activator-1.3.12-minimal/bin/crudtraining2/,root))),true,None)
Sending msg to client play-fork-run-60edf294-0a94-4adc-b97b-ea2013dc28d6: TaskStarted(6,478,Some(AttributeKey[sbt.IvySbt$Module]("ivyModule") in Scope(Build: file:/C:/play/activator-1.3.12-minimal/bin/crudtraining2/, , Project: ProjectReference(file:/C:/play/activator-1.3.12-minimal/bin/crudtraining2/,root))))
Sending msg to client play-fork-run-60edf294-0a94-4adc-b97b-ea2013dc28d6: TaskFinished(6,478,Some(AttributeKey[sbt.IvySbt$Module]("ivyModule") in Scope(Build: file:/C:/play/activator-1.3.12-minimal/bin/crudtraining2/, , Project: ProjectReference(file:/C:/play/activator-1.3.12-minimal/bin/crudtraining2/,root))),true,None)
Sending msg to client play-fork-run-60edf294-0a94-4adc-b97b-ea2013dc28d6: TaskStarted(6,469,Some(AttributeKey[sbt.UpdateReport]("update") in Scope(Build: file:/C:/play/activator-1.3.12-minimal/bin/crudtraining2/, , Project: ProjectReference(file:/C:/play/activator-1.3.12-minimal/bin/crudtraining2/,root))))
Sending msg to client play-fork-run-60edf294-0a94-4adc-b97b-ea2013dc28d6: TaskFinished(6,469,Some(AttributeKey[sbt.UpdateReport]("update") in Scope(Build: file:/C:/play/activator-1.3.12-minimal/bin/crudtraining2/, , Project: ProjectReference(file:/C:/play/activator-1.3.12-minimal/bin/crudtraining2/,root))),true,None)
Sending msg to client play-fork-run-60edf294-0a94-4adc-b97b-ea2013dc28d6: TaskStarted(6,467,Some(AttributeKey[sbt.UpdateReport]("update") in Scope(Build: file:/C:/play/activator-1.3.12-minimal/bin/crudtraining2/, , Project: ProjectReference(file:/C:/play/activator-1.3.12-minimal/bin/crudtraining2/,root))))
Sending msg to client play-fork-run-60edf294-0a94-4adc-b97b-ea2013dc28d6: TaskFinished(6,467,Some(AttributeKey[sbt.UpdateReport]("update") in Scope(Build: file:/C:/play/activator-1.3.12-minimal/bin/crudtraining2/, , Project: ProjectReference(file:/C:/play/activator-1.3.12-minimal/bin/crudtraining2/,root))),true,None)
Sending msg to client play-fork-run-60edf294-0a94-4adc-b97b-ea2013dc28d6: TaskStarted(6,465,Some(AttributeKey[sbt.Configuration]("classpathConfiguration") in Scope(Build: file:/C:/play/activator-1.3.12-minimal/bin/crudtraining2/, , Project: ProjectReference(file:/C:/play/activator-1.3.12-minimal/bin/crudtraining2/,root), Config: compile)))
Sending msg to client play-fork-run-60edf294-0a94-4adc-b97b-ea2013dc28d6: TaskStarted(6,501,Some(AttributeKey[scala.collection.Seq[sbt.Attributed[java.io.File]]]("managedClasspath") in Scope(Build: file:/C:/play/activator-1.3.12-minimal/bin/crudtraining2/, , Project: ProjectReference(file:/C:/play/activator-1.3.12-minimal/bin/crudtraining2/,root), Config: docs)))
Sending msg to client play-fork-run-60edf294-0a94-4adc-b97b-ea2013dc28d6: TaskFinished(6,465,Some(AttributeKey[sbt.Configuration]("classpathConfiguration") in Scope(Build: file:/C:/play/activator-1.3.12-minimal/bin/crudtraining2/, , Project: ProjectReference(file:/C:/play/activator-1.3.12-minimal/bin/crudtraining2/,root), Config: compile)),true,None)
Sending msg to client play-fork-run-60edf294-0a94-4adc-b97b-ea2013dc28d6: TaskStarted(6,464,None)
Sending msg to client play-fork-run-60edf294-0a94-4adc-b97b-ea2013dc28d6: TaskFinished(6,501,Some(AttributeKey[scala.collection.Seq[sbt.Attributed[java.io.File]]]("managedClasspath") in Scope(Build: file:/C:/play/activator-1.3.12-minimal/bin/crudtraining2/, , Project: ProjectReference(file:/C:/play/activator-1.3.12-minimal/bin/crudtraining2/,root), Config: docs)),true,None)
Sending msg to client play-fork-run-60edf294-0a94-4adc-b97b-ea2013dc28d6: TaskStarted(6,500,Some(AttributeKey[scala.Option[java.io.File]]("playDocsJar") in Scope(Build: file:/C:/play/activator-1.3.12-minimal/bin/crudtraining2/, , Project: ProjectReference(file:/C:/play/activator-1.3.12-minimal/bin/crudtraining2/,root))))
Sending msg to client play-fork-run-60edf294-0a94-4adc-b97b-ea2013dc28d6: TaskFinished(6,464,None,true,None)
Sending msg to client play-fork-run-60edf294-0a94-4adc-b97b-ea2013dc28d6: TaskStarted(6,463,Some(AttributeKey[sbt.Configuration]("classpathConfiguration") in Scope(Build: file:/C:/play/activator-1.3.12-minimal/bin/crudtraining2/, , Project: ProjectReference(file:/C:/play/activator-1.3.12-minimal/bin/crudtraining2/,root), Config: runtime)))
Sending msg to client play-fork-run-60edf294-0a94-4adc-b97b-ea2013dc28d6: TaskFinished(6,500,Some(AttributeKey[scala.Option[java.io.File]]("playDocsJar") in Scope(Build: file:/C:/play/activator-1.3.12-minimal/bin/crudtraining2/, , Project: ProjectReference(file:/C:/play/activator-1.3.12-minimal/bin/crudtraining2/,root))),true,None)
Sending msg to client play-fork-run-60edf294-0a94-4adc-b97b-ea2013dc28d6: TaskFinished(6,463,Some(AttributeKey[sbt.Configuration]("classpathConfiguration") in Scope(Build: file:/C:/play/activator-1.3.12-minimal/bin/crudtraining2/, , Project: ProjectReference(file:/C:/play/activator-1.3.12-minimal/bin/crudtraining2/,root), Config: runtime)),true,None)
Sending msg to client play-fork-run-60edf294-0a94-4adc-b97b-ea2013dc28d6: TaskStarted(6,462,None)
Sending msg to client play-fork-run-60edf294-0a94-4adc-b97b-ea2013dc28d6: TaskFinished(6,462,None,true,None)
Sending msg to client play-fork-run-60edf294-0a94-4adc-b97b-ea2013dc28d6: TaskStarted(6,460,Some(AttributeKey[scala.collection.Seq[sbt.Attributed[java.io.File]]]("managedClasspath") in Scope(Build: file:/C:/play/activator-1.3.12-minimal/bin/crudtraining2/, , Project: ProjectReference(file:/C:/play/activator-1.3.12-minimal/bin/crudtraining2/,root), Config: runtime)))
Sending msg to client play-fork-run-60edf294-0a94-4adc-b97b-ea2013dc28d6: TaskFinished(6,460,Some(AttributeKey[scala.collection.Seq[sbt.Attributed[java.io.File]]]("managedClasspath") in Scope(Build: file:/C:/play/activator-1.3.12-minimal/bin/crudtraining2/, , Project: ProjectReference(file:/C:/play/activator-1.3.12-minimal/bin/crudtraining2/,root), Config: runtime)),true,None)
Sending msg to client play-fork-run-60edf294-0a94-4adc-b97b-ea2013dc28d6: TaskStarted(6,456,None)
Sending msg to client play-fork-run-60edf294-0a94-4adc-b97b-ea2013dc28d6: TaskFinished(6,456,None,true,None)
Sending msg to client play-fork-run-60edf294-0a94-4adc-b97b-ea2013dc28d6: TaskStarted(6,453,Some(AttributeKey[scala.collection.Seq[sbt.Attributed[java.io.File]]]("playDependencyClasspath") in Scope(Build: file:/C:/play/activator-1.3.12-minimal/bin/crudtraining2/, , Project: ProjectReference(file:/C:/play/activator-1.3.12-minimal/bin/crudtraining2/,root))))
Sending msg to client play-fork-run-60edf294-0a94-4adc-b97b-ea2013dc28d6: TaskFinished(6,453,Some(AttributeKey[scala.collection.Seq[sbt.Attributed[java.io.File]]]("playDependencyClasspath") in Scope(Build: file:/C:/play/activator-1.3.12-minimal/bin/crudtraining2/, , Project: ProjectReference(file:/C:/play/activator-1.3.12-minimal/bin/crudtraining2/,root))),true,None)
Sending msg to client play-fork-run-60edf294-0a94-4adc-b97b-ea2013dc28d6: TaskStarted(6,444,Some(AttributeKey[play.forkrun.protocol.ForkConfig]("playForkConfig") in Scope(Build: file:/C:/play/activator-1.3.12-minimal/bin/crudtraining2/, , Project: ProjectReference(file:/C:/play/activator-1.3.12-minimal/bin/crudtraining2/,root))))
Sending msg to client play-fork-run-60edf294-0a94-4adc-b97b-ea2013dc28d6: TaskFinished(6,444,Some(AttributeKey[play.forkrun.protocol.ForkConfig]("playForkConfig") in Scope(Build: file:/C:/play/activator-1.3.12-minimal/bin/crudtraining2/, , Project: ProjectReference(file:/C:/play/activator-1.3.12-minimal/bin/crudtraining2/,root))),true,None)
Sending msg to client play-fork-run-60edf294-0a94-4adc-b97b-ea2013dc28d6: ValueChanged(AttributeKey[play.forkrun.protocol.ForkConfig]("playForkConfig") in Scope(Build: file:/C:/play/activator-1.3.12-minimal/bin/crudtraining2/, , Project: ProjectReference(file:/C:/play/activator-1.3.12-minimal/bin/crudtraining2/,root)),TaskSuccess(BuildValue(LazyValue(ForkConfig(C:\play\activator-1.3.12-minimal\bin\crudtraining2,List(-Djna.nosys=true),List(C:\Users\main\.ivy2\cache\org.scala-lang\scala-library\jars\scala-library-2.11.7.jar, C:\Users\main\.ivy2\cache\com.typesafe.play\twirl-api_2.11\jars\twirl-api_2.11-1.1.1.jar, C:\Users\main\.ivy2\cache\org.apache.commons\commons-lang3\jars\commons-lang3-3.4.jar, C:\Users\main\.ivy2\cache\org.scala-lang.modules\scala-xml_2.11\bundles\scala-xml_2.11-1.0.1.jar, C:\Users\main\.ivy2\cache\com.typesafe.play\play-enhancer\jars\play-enhancer-1.1.0.jar, C:\Users\main\.ivy2\cache\com.typesafe.play\play-server_2.11\jars\play-server_2.11-2.5.9.jar, C:\Users\main\.ivy2\cache\com.typesafe.play\play_2.11\jars\play_2.11-2.5.9.jar, C:\Users\main\.ivy2\cache\com.typesafe.play\build-link\jars\build-link-2.5.9.jar, C:\Users\main\.ivy2\cache\com.typesafe.play\play-exceptions\jars\play-exceptions-2.5.9.jar, C:\Users\main\.ivy2\cache\com.typesafe.play\play-iteratees_2.11\jars\play-iteratees_2.11-2.5.9.jar, C:\Users\main\.ivy2\cache\org.scala-stm\scala-stm_2.11\jars\scala-stm_2.11-0.7.jar, C:\Users\main\.ivy2\cache\com.typesafe\config\bundles\config-1.3.0.jar, C:\Users\main\.ivy2\cache\com.typesafe.play\play-json_2.11\jars\play-json_2.11-2.5.9.jar, C:\Users\main\.ivy2\cache\com.typesafe.play\play-functional_2.11\jars\play-functional_2.11-2.5.9.jar, C:\Users\main\.ivy2\cache\com.typesafe.play\play-datacommons_2.11\jars\play-datacommons_2.11-2.5.9.jar, C:\Users\main\.ivy2\cache\joda-time\joda-time\jars\joda-time-2.9.4.jar, C:\Users\main\.ivy2\cache\org.joda\joda-convert\jars\joda-convert-1.8.1.jar, C:\Users\main\.ivy2\cache\org.scala-lang\scala-reflect\jars\scala-reflect-2.11.7.jar, C:\Users\main\.ivy2\cache\com.fasterxml.jackson.core\jackson-core\bundles\jackson-core-2.7.6.jar, C:\Users\main\.ivy2\cache\com.fasterxml.jackson.core\jackson-annotations\bundles\jackson-annotations-2.7.6.jar, C:\Users\main\.ivy2\cache\com.fasterxml.jackson.core\jackson-databind\bundles\jackson-databind-2.7.6.jar, C:\Users\main\.ivy2\cache\com.fasterxml.jackson.datatype\jackson-datatype-jdk8\bundles\jackson-datatype-jdk8-2.7.6.jar, C:\Users\main\.ivy2\cache\com.fasterxml.jackson.datatype\jackson-datatype-jsr310\bundles\jackson-datatype-jsr310-2.7.6.jar, C:\Users\main\.ivy2\cache\com.typesafe.play\play-netty-utils\jars\play-netty-utils-2.5.9.jar, C:\Users\main\.ivy2\cache\org.slf4j\slf4j-api\jars\slf4j-api-1.7.21.jar, C:\Users\main\.ivy2\cache\org.slf4j\jul-to-slf4j\jars\jul-to-slf4j-1.7.21.jar, C:\Users\main\.ivy2\cache\org.slf4j\jcl-over-slf4j\jars\jcl-over-slf4j-1.7.21.jar, C:\Users\main\.ivy2\cache\com.typesafe.play\play-streams_2.11\jars\play-streams_2.11-2.5.9.jar, C:\Users\main\.ivy2\cache\org.reactivestreams\reactive-streams\jars\reactive-streams-1.0.0.jar, C:\Users\main\.ivy2\cache\com.typesafe.akka\akka-stream_2.11\jars\akka-stream_2.11-2.4.10.jar, C:\Users\main\.ivy2\cache\com.typesafe.akka\akka-actor_2.11\jars\akka-actor_2.11-2.4.10.jar, C:\Users\main\.ivy2\cache\org.scala-lang.modules\scala-java8-compat_2.11\bundles\scala-java8-compat_2.11-0.7.0.jar, C:\Users\main\.ivy2\cache\com.typesafe\ssl-config-akka_2.11\bundles\ssl-config-akka_2.11-0.2.1.jar, C:\Users\main\.ivy2\cache\com.typesafe\ssl-config-core_2.11\bundles\ssl-config-core_2.11-0.2.1.jar, C:\Users\main\.ivy2\cache\org.scala-lang.modules\scala-parser-combinators_2.11\bundles\scala-parser-combinators_2.11-1.0.4.jar, C:\Users\main\.ivy2\cache\com.typesafe.akka\akka-slf4j_2.11\jars\akka-slf4j_2.11-2.4.10.jar, C:\Users\main\.ivy2\cache\commons-codec\commons-codec\jars\commons-codec-1.10.jar, C:\Users\main\.ivy2\cache\xerces\xercesImpl\jars\xercesImpl-2.11.0.jar, C:\Users\main\.ivy2\cache\xml-apis\xml-apis\jars\xml-apis-1.4.01.jar, C:\Users\main\.ivy2\cache\javax.transaction\jta\jars\jta-1.1.jar, C:\Users\main\.ivy2\cache\com.google.inject\guice\jars\guice-4.0.jar, C:\Users\main\.ivy2\cache\javax.inject\javax.inject\jars\javax.inject-1.jar, C:\Users\main\.ivy2\cache\aopalliance\aopalliance\jars\aopalliance-1.0.jar, C:\Users\main\.ivy2\cache\com.google.inject.extensions\guice-assistedinject\jars\guice-assistedinject-4.0.jar, C:\Users\main\.ivy2\cache\com.typesafe.play\play-java_2.11\jars\play-java_2.11-2.5.9.jar, C:\Users\main\.ivy2\cache\org.yaml\snakeyaml\bundles\snakeyaml-1.16.jar, C:\Users\main\.ivy2\cache\org.hibernate\hibernate-validator\jars\hibernate-validator-5.2.4.Final.jar, C:\Users\main\.ivy2\cache\javax.validation\validation-api\jars\validation-api-1.1.0.Final.jar, C:\Users\main\.ivy2\cache\org.jboss.logging\jboss-logging\jars\jboss-logging-3.2.1.Final.jar, C:\Users\main\.ivy2\cache\com.fasterxml\classmate\bundles\classmate-1.1.0.jar, C:\Users\main\.ivy2\cache\javax.el\javax.el-api\jars\javax.el-api-3.0.0.jar, C:\Users\main\.ivy2\cache\org.springframework\spring-context\jars\spring-context-4.2.7.RELEASE.jar, C:\Users\main\.ivy2\cache\org.springframework\spring-core\jars\spring-core-4.2.7.RELEASE.jar, C:\Users\main\.ivy2\cache\org.springframework\spring-beans\jars\spring-beans-4.2.7.RELEASE.jar, C:\Users\main\.ivy2\cache\org.reflections\reflections\jars\reflections-0.9.10.jar, C:\Users\main\.ivy2\cache\com.google.guava\guava\bundles\guava-19.0.jar, C:\Users\main\.ivy2\cache\net.jodah\typetools\bundles\typetools-0.4.4.jar, C:\Users\main\.ivy2\cache\com.google.code.findbugs\jsr305\jars\jsr305-3.0.1.jar, C:\Users\main\.ivy2\cache\org.apache.tomcat\tomcat-servlet-api\jars\tomcat-servlet-api-8.0.33.jar, C:\Users\main\.ivy2\cache\com.typesafe.play\play-netty-server_2.11\jars\play-netty-server_2.11-2.5.9.jar, C:\Users\main\.ivy2\cache\com.typesafe.netty\netty-reactive-streams-http\jars\netty-reactive-streams-http-1.0.8.jar, C:\Users\main\.ivy2\cache\com.typesafe.netty\netty-reactive-streams\jars\netty-reactive-streams-1.0.8.jar, C:\Users\main\.ivy2\cache\io.netty\netty-handler\jars\netty-handler-4.0.41.Final.jar, C:\Users\main\.ivy2\cache\io.netty\netty-buffer\jars\netty-buffer-4.0.41.Final.jar, C:\Users\main\.ivy2\cache\io.netty\netty-common\jars\netty-common-4.0.41.Final.jar, C:\Users\main\.ivy2\cache\io.netty\netty-transport\jars\netty-transport-4.0.41.Final.jar, C:\Users\main\.ivy2\cache\io.netty\netty-codec\jars\netty-codec-4.0.41.Final.jar, C:\Users\main\.ivy2\cache\io.netty\netty-codec-http\jars\netty-codec-http-4.0.41.Final.jar, C:\Users\main\.ivy2\cache\io.netty\netty-transport-native-epoll\jars\netty-transport-native-epoll-4.0.41.Final-linux-x86_64.jar, C:\Users\main\.ivy2\cache\com.typesafe.play\play-logback_2.11\jars\play-logback_2.11-2.5.9.jar, C:\Users\main\.ivy2\cache\ch.qos.logback\logback-classic\jars\logback-classic-1.1.7.jar, C:\Users\main\.ivy2\cache\ch.qos.logback\logback-core\jars\logback-core-1.1.7.jar, C:\Users\main\.ivy2\cache\com.typesafe.play\play-java-jdbc_2.11\jars\play-java-jdbc_2.11-2.5.9.jar, C:\Users\main\.ivy2\cache\com.typesafe.play\play-jdbc_2.11\jars\play-jdbc_2.11-2.5.9.jar, C:\Users\main\.ivy2\cache\com.typesafe.play\play-jdbc-api_2.11\jars\play-jdbc-api_2.11-2.5.9.jar, C:\Users\main\.ivy2\cache\com.jolbox\bonecp\bundles\bonecp-0.8.0.RELEASE.jar, C:\Users\main\.ivy2\cache\com.zaxxer\HikariCP\bundles\HikariCP-2.5.1.jar, C:\Users\main\.ivy2\cache\com.googlecode.usc\jdbcdslog\jars\jdbcdslog-1.0.6.2.jar, C:\Users\main\.ivy2\cache\com.h2database\h2\jars\h2-1.4.192.jar, C:\Users\main\.ivy2\cache\tyrex\tyrex\jars\tyrex-1.0.1.jar, C:\Users\main\.ivy2\cache\com.typesafe.play\play-cache_2.11\jars\play-cache_2.11-2.5.9.jar, C:\Users\main\.ivy2\cache\net.sf.ehcache\ehcache-core\jars\ehcache-core-2.6.11.jar, C:\Users\main\.ivy2\cache\com.typesafe.play\play-java-ws_2.11\jars\play-java-ws_2.11-2.5.9.jar, C:\Users\main\.ivy2\cache\com.typesafe.play\play-ws_2.11\jars\play-ws_2.11-2.5.9.jar, C:\Users\main\.ivy2\cache\org.asynchttpclient\async-http-client\jars\async-http-client-2.0.11.jar, C:\Users\main\.ivy2\cache\org.asynchttpclient\netty-resolver-dns\jars\netty-resolver-dns-2.0.11.jar, C:\Users\main\.ivy2\cache\org.asynchttpclient\netty-resolver\jars\netty-resolver-2.0.11.jar, C:\Users\main\.ivy2\cache\org.asynchttpclient\netty-codec-dns\jars\netty-codec-dns-2.0.11.jar, C:\Users\main\.ivy2\cache\org.javassist\javassist\bundles\javassist-3.20.0-GA.jar, C:\Users\main\.ivy2\cache\oauth.signpost\signpost-core\jars\signpost-core-1.2.1.2.jar, C:\Users\main\.ivy2\cache\oauth.signpost\signpost-commonshttp4\jars\signpost-commonshttp4-1.2.1.2.jar, C:\Users\main\.ivy2\cache\org.apache.httpcomponents\httpcore\jars\httpcore-4.0.1.jar, C:\Users\main\.ivy2\cache\org.apache.httpcomponents\httpclient\jars\httpclient-4.0.1.jar, C:\Users\main\.ivy2\cache\commons-logging\commons-logging\jars\commons-logging-1.1.1.jar, C:\Users\main\.ivy2\cache\mysql\mysql-connector-java\jars\mysql-connector-java-5.1.40.jar, C:\Users\main\.ivy2\cache\com.typesafe.play\play-jdbc-evolutions_2.11\jars\play-jdbc-evolutions_2.11-2.5.9.jar),List((public/,C:\play\activator-1.3.12-minimal\bin\crudtraining2\target\web\public\main)),List(C:\Users\main\.ivy2\cache\com.typesafe.play\play-omnidoc_2.11\jars\play-omnidoc_2.11-2.5.9.jar, C:\Users\main\.ivy2\cache\org.scala-lang\scala-library\jars\scala-library-2.11.7.jar, C:\Users\main\.ivy2\cache\com.typesafe.play\play-docs_2.11\jars\play-docs_2.11-2.5.9.jar, C:\Users\main\.ivy2\cache\com.typesafe.play\play-netty-server_2.11\jars\play-netty-server_2.11-2.5.9.jar, C:\Users\main\.ivy2\cache\com.typesafe.play\play-server_2.11\jars\play-server_2.11-2.5.9.jar, C:\Users\main\.ivy2\cache\com.typesafe.play\play_2.11\jars\play_2.11-2.5.9.jar, C:\Users\main\.ivy2\cache\com.typesafe.play\build-link\jars\build-link-2.5.9.jar, C:\Users\main\.ivy2\cache\com.typesafe.play\play-exceptions\jars\play-exceptions-2.5.9.jar, C:\Users\main\.ivy2\cache\com.typesafe.play\play-iteratees_2.11\jars\play-iteratees_2.11-2.5.9.jar, C:\Users\main\.ivy2\cache\org.scala-stm\scala-stm_2.11\jars\scala-stm_2.11-0.7.jar, C:\Users\main\.ivy2\cache\com.typesafe\config\bundles\config-1.3.0.jar, C:\Users\main\.ivy2\cache\com.typesafe.play\play-json_2.11\jars\play-json_2.11-2.5.9.jar, C:\Users\main\.ivy2\cache\com.typesafe.play\play-functional_2.11\jars\play-functional_2.11-2.5.9.jar, C:\Users\main\.ivy2\cache\com.typesafe.play\play-datacommons_2.11\jars\play-datacommons_2.11-2.5.9.jar, C:\Users\main\.ivy2\cache\joda-time\joda-time\jars\joda-time-2.9.4.jar, C:\Users\main\.ivy2\cache\org.joda\joda-convert\jars\joda-convert-1.8.1.jar, C:\Users\main\.ivy2\cache\org.scala-lang\scala-reflect\jars\scala-reflect-2.11.7.jar, C:\Users\main\.ivy2\cache\com.fasterxml.jackson.core\jackson-core\bundles\jackson-core-2.7.6.jar, C:\Users\main\.ivy2\cache\com.fasterxml.jackson.core\jackson-annotations\bundles\jackson-annotations-2.7.6.jar, C:\Users\main\.ivy2\cache\com.fasterxml.jackson.core\jackson-databind\bundles\jackson-databind-2.7.6.jar, C:\Users\main\.ivy2\cache\com.fasterxml.jackson.datatype\jackson-datatype-jdk8\bundles\jackson-datatype-jdk8-2.7.6.jar, C:\Users\main\.ivy2\cache\com.fasterxml.jackson.datatype\jackson-datatype-jsr310\bundles\jackson-datatype-jsr310-2.7.6.jar, C:\Users\main\.ivy2\cache\com.typesafe.play\play-netty-utils\jars\play-netty-utils-2.5.9.jar, C:\Users\main\.ivy2\cache\org.slf4j\slf4j-api\jars\slf4j-api-1.7.21.jar, C:\Users\main\.ivy2\cache\org.slf4j\jul-to-slf4j\jars\jul-to-slf4j-1.7.21.jar, C:\Users\main\.ivy2\cache\org.slf4j\jcl-over-slf4j\jars\jcl-over-slf4j-1.7.21.jar, C:\Users\main\.ivy2\cache\com.typesafe.play\play-streams_2.11\jars\play-streams_2.11-2.5.9.jar, C:\Users\main\.ivy2\cache\org.reactivestreams\reactive-streams\jars\reactive-streams-1.0.0.jar, C:\Users\main\.ivy2\cache\com.typesafe.akka\akka-stream_2.11\jars\akka-stream_2.11-2.4.10.jar, C:\Users\main\.ivy2\cache\com.typesafe.akka\akka-actor_2.11\jars\akka-actor_2.11-2.4.10.jar, C:\Users\main\.ivy2\cache\org.scala-lang.modules\scala-java8-compat_2.11\bundles\scala-java8-compat_2.11-0.7.0.jar, C:\Users\main\.ivy2\cache\com.typesafe\ssl-config-akka_2.11\bundles\ssl-config-akka_2.11-0.2.1.jar, C:\Users\main\.ivy2\cache\com.typesafe\ssl-config-core_2.11\bundles\ssl-config-core_2.11-0.2.1.jar, C:\Users\main\.ivy2\cache\org.scala-lang.modules\scala-parser-combinators_2.11\bundles\scala-parser-combinators_2.11-1.0.4.jar, C:\Users\main\.ivy2\cache\com.typesafe.play\twirl-api_2.11\jars\twirl-api_2.11-1.1.1.jar, C:\Users\main\.ivy2\cache\org.apache.commons\commons-lang3\jars\commons-lang3-3.4.jar, C:\Users\main\.ivy2\cache\org.scala-lang.modules\scala-xml_2.11\bundles\scala-xml_2.11-1.0.1.jar, C:\Users\main\.ivy2\cache\com.typesafe.akka\akka-slf4j_2.11\jars\akka-slf4j_2.11-2.4.10.jar, C:\Users\main\.ivy2\cache\commons-codec\commons-codec\jars\commons-codec-1.10.jar, C:\Users\main\.ivy2\cache\xerces\xercesImpl\jars\xercesImpl-2.11.0.jar, C:\Users\main\.ivy2\cache\xml-apis\xml-apis\jars\xml-apis-1.4.01.jar, C:\Users\main\.ivy2\cache\javax.transaction\jta\jars\jta-1.1.jar, C:\Users\main\.ivy2\cache\com.google.inject\guice\jars\guice-4.0.jar, C:\Users\main\.ivy2\cache\javax.inject\javax.inject\jars\javax.inject-1.jar, C:\Users\main\.ivy2\cache\aopalliance\aopalliance\jars\aopalliance-1.0.jar, C:\Users\main\.ivy2\cache\com.google.guava\guava\bundles\guava-16.0.1.jar, C:\Users\main\.ivy2\cache\com.google.inject.extensions\guice-assistedinject\jars\guice-assistedinject-4.0.jar, C:\Users\main\.ivy2\cache\com.typesafe.netty\netty-reactive-streams-http\jars\netty-reactive-streams-http-1.0.8.jar, C:\Users\main\.ivy2\cache\com.typesafe.netty\netty-reactive-streams\jars\netty-reactive-streams-1.0.8.jar, C:\Users\main\.ivy2\cache\io.netty\netty-handler\jars\netty-handler-4.0.41.Final.jar, C:\Users\main\.ivy2\cache\io.netty\netty-buffer\jars\netty-buffer-4.0.41.Final.jar, C:\Users\main\.ivy2\cache\io.netty\netty-common\jars\netty-common-4.0.41.Final.jar, C:\Users\main\.ivy2\cache\io.netty\netty-transport\jars\netty-transport-4.0.41.Final.jar, C:\Users\main\.ivy2\cache\io.netty\netty-codec\jars\netty-codec-4.0.41.Final.jar, C:\Users\main\.ivy2\cache\io.netty\netty-codec-http\jars\netty-codec-http-4.0.41.Final.jar, C:\Users\main\.ivy2\cache\io.netty\netty-transport-native-epoll\jars\netty-transport-native-epoll-4.0.41.Final-linux-x86_64.jar, C:\Users\main\.ivy2\cache\com.typesafe.play\play-doc_2.11\jars\play-doc_2.11-1.2.2.jar, C:\Users\main\.ivy2\cache\org.pegdown\pegdown\jars\pegdown-1.4.0.jar, C:\Users\main\.ivy2\cache\org.parboiled\parboiled-java\bundles\parboiled-java-1.1.5.jar, C:\Users\main\.ivy2\cache\org.parboiled\parboiled-core\bundles\parboiled-core-1.1.5.jar, C:\Users\main\.ivy2\cache\org.ow2.asm\asm\jars\asm-4.1.jar, C:\Users\main\.ivy2\cache\org.ow2.asm\asm-tree\jars\asm-tree-4.1.jar, C:\Users\main\.ivy2\cache\org.ow2.asm\asm-analysis\jars\asm-analysis-4.1.jar, C:\Users\main\.ivy2\cache\org.ow2.asm\asm-util\jars\asm-util-4.1.jar, C:\Users\main\.ivy2\cache\commons-io\commons-io\jars\commons-io-2.4.jar),Some(C:\Users\main\.ivy2\cache\com.typesafe.play\play-omnidoc_2.11\jars\play-omnidoc_2.11-2.5.9.jar),List(),9000,0.0.0.0,DefaultWatchService,List(C:\play\activator-1.3.12-minimal\bin\crudtraining2\public, C:\play\activator-1.3.12-minimal\bin\crudtraining2\conf, C:\play\activator-1.3.12-minimal\bin\crudtraining2\app),C:\play\activator-1.3.12-minimal\bin\crudtraining2\target,500,root/playForkNotifyStart,root/playForkReload,300000,play.core.server.DevServerStart),scala.pickling.PicklerUnpickler$DelegatingPicklerUnpickler@aa41386),ForkConfig(C:\play\activator-1.3.12-minimal\bin\crudtraining2,List(-Djna.nosys=true),List(C:\Users\main\.ivy2\cache\org.scala-lang\scala-library\jars\scala-library-2.11.7.jar, C:\Users\main\.ivy2\cache\com.typesafe.play\twirl-api_2.11\jars\twirl-api_2.11-1.1.1.jar, C:\Users\main\.ivy2\cache\org.apache.commons\commons-lang3\jars\commons-lang3-3.4.jar, C:\Users\main\.ivy2\cache\org.scala-lang.modules\scala-xml_2.11\bundles\scala-xml_2.11-1.0.1.jar, C:\Users\main\.ivy2\cache\com.typesafe.play\play-enhancer\jars\play-enhancer-1.1.0.jar, C:\Users\main\.ivy2\cache\com.typesafe.play\play-server_2.11\jars\play-server_2.11-2.5.9.jar, C:\Users\main\.ivy2\cache\com.typesafe.play\play_2.11\jars\play_2.11-2.5.9.jar, C:\Users\main\.ivy2\cache\com.typesafe.play\build-link\jars\build-link-2.5.9.jar, C:\Users\main\.ivy2\cache\com.typesafe.play\play-exceptions\jars\play-exceptions-2.5.9.jar, C:\Users\main\.ivy2\cache\com.typesafe.play\play-iteratees_2.11\jars\play-iteratees_2.11-2.5.9.jar, C:\Users\main\.ivy2\cache\org.scala-stm\scala-stm_2.11\jars\scala-stm_2.11-0.7.jar, C:\Users\main\.ivy2\cache\com.typesafe\config\bundles\config-1.3.0.jar, C:\Users\main\.ivy2\cache\com.typesafe.play\play-json_2.11\jars\play-json_2.11-2.5.9.jar, C:\Users\main\.ivy2\cache\com.typesafe.play\play-functional_2.11\jars\play-functional_2.11-2.5.9.jar, C:\Users\main\.ivy2\cache\com.typesafe.play\play-datacommons_2.11\jars\play-datacommons_2.11-2.5.9.jar, C:\Users\main\.ivy2\cache\joda-time\joda-time\jars\joda-time-2.9.4.jar, C:\Users\main\.ivy2\cache\org.joda\joda-convert\jars\joda-convert-1.8.1.jar, C:\Users\main\.ivy2\cache\org.scala-lang\scala-reflect\jars\scala-reflect-2.11.7.jar, C:\Users\main\.ivy2\cache\com.fasterxml.jackson.core\jackson-core\bundles\jackson-core-2.7.6.jar, C:\Users\main\.ivy2\cache\com.fasterxml.jackson.core\jackson-annotations\bundles\jackson-annotations-2.7.6.jar, C:\Users\main\.ivy2\cache\com.fasterxml.jackson.core\jackson-databind\bundles\jackson-databind-2.7.6.jar, C:\Users\main\.ivy2\cache\com.fasterxml.jackson.datatype\jackson-datatype-jdk8\bundles\jackson-datatype-jdk8-2.7.6.jar, C:\Users\main\.ivy2\cache\com.fasterxml.jackson.datatype\jackson-datatype-jsr310\bundles\jackson-datatype-jsr310-2.7.6.jar, C:\Users\main\.ivy2\cache\com.typesafe.play\play-netty-utils\jars\play-netty-utils-2.5.9.jar, C:\Users\main\.ivy2\cache\org.slf4j\slf4j-api\jars\slf4j-api-1.7.21.jar, C:\Users\main\.ivy2\cache\org.slf4j\jul-to-slf4j\jars\jul-to-slf4j-1.7.21.jar, C:\Users\main\.ivy2\cache\org.slf4j\jcl-over-slf4j\jars\jcl-over-slf4j-1.7.21.jar, C:\Users\main\.ivy2\cache\com.typesafe.play\play-streams_2.11\jars\play-streams_2.11-2.5.9.jar, C:\Users\main\.ivy2\cache\org.reactivestreams\reactive-streams\jars\reactive-streams-1.0.0.jar, C:\Users\main\.ivy2\cache\com.typesafe.akka\akka-stream_2.11\jars\akka-stream_2.11-2.4.10.jar, C:\Users\main\.ivy2\cache\com.typesafe.akka\akka-actor_2.11\jars\akka-actor_2.11-2.4.10.jar, C:\Users\main\.ivy2\cache\org.scala-lang.modules\scala-java8-compat_2.11\bundles\scala-java8-compat_2.11-0.7.0.jar, C:\Users\main\.ivy2\cache\com.typesafe\ssl-config-akka_2.11\bundles\ssl-config-akka_2.11-0.2.1.jar, C:\Users\main\.ivy2\cache\com.typesafe\ssl-config-core_2.11\bundles\ssl-config-core_2.11-0.2.1.jar, C:\Users\main\.ivy2\cache\org.scala-lang.modules\scala-parser-combinators_2.11\bundles\scala-parser-combinators_2.11-1.0.4.jar, C:\Users\main\.ivy2\cache\com.typesafe.akka\akka-slf4j_2.11\jars\akka-slf4j_2.11-2.4.10.jar, C:\Users\main\.ivy2\cache\commons-codec\commons-codec\jars\commons-codec-1.10.jar, C:\Users\main\.ivy2\cache\xerces\xercesImpl\jars\xercesImpl-2.11.0.jar, C:\Users\main\.ivy2\cache\xml-apis\xml-apis\jars\xml-apis-1.4.01.jar, C:\Users\main\.ivy2\cache\javax.transaction\jta\jars\jta-1.1.jar, C:\Users\main\.ivy2\cache\com.google.inject\guice\jars\guice-4.0.jar, C:\Users\main\.ivy2\cache\javax.inject\javax.inject\jars\javax.inject-1.jar, C:\Users\main\.ivy2\cache\aopalliance\aopalliance\jars\aopalliance-1.0.jar, C:\Users\main\.ivy2\cache\com.google.inject.extensions\guice-assistedinject\jars\guice-assistedinject-4.0.jar, C:\Users\main\.ivy2\cache\com.typesafe.play\play-java_2.11\jars\play-java_2.11-2.5.9.jar, C:\Users\main\.ivy2\cache\org.yaml\snakeyaml\bundles\snakeyaml-1.16.jar, C:\Users\main\.ivy2\cache\org.hibernate\hibernate-validator\jars\hibernate-validator-5.2.4.Final.jar, C:\Users\main\.ivy2\cache\javax.validation\validation-api\jars\validation-api-1.1.0.Final.jar, C:\Users\main\.ivy2\cache\org.jboss.logging\jboss-logging\jars\jboss-logging-3.2.1.Final.jar, C:\Users\main\.ivy2\cache\com.fasterxml\classmate\bundles\classmate-1.1.0.jar, C:\Users\main\.ivy2\cache\javax.el\javax.el-api\jars\javax.el-api-3.0.0.jar, C:\Users\main\.ivy2\cache\org.springframework\spring-context\jars\spring-context-4.2.7.RELEASE.jar, C:\Users\main\.ivy2\cache\org.springframework\spring-core\jars\spring-core-4.2.7.RELEASE.jar, C:\Users\main\.ivy2\cache\org.springframework\spring-beans\jars\spring-beans-4.2.7.RELEASE.jar, C:\Users\main\.ivy2\cache\org.reflections\reflections\jars\reflections-0.9.10.jar, C:\Users\main\.ivy2\cache\com.google.guava\guava\bundles\guava-19.0.jar, C:\Users\main\.ivy2\cache\net.jodah\typetools\bundles\typetools-0.4.4.jar, C:\Users\main\.ivy2\cache\com.google.code.findbugs\jsr305\jars\jsr305-3.0.1.jar, C:\Users\main\.ivy2\cache\org.apache.tomcat\tomcat-servlet-api\jars\tomcat-servlet-api-8.0.33.jar, C:\Users\main\.ivy2\cache\com.typesafe.play\play-netty-server_2.11\jars\play-netty-server_2.11-2.5.9.jar, C:\Users\main\.ivy2\cache\com.typesafe.netty\netty-reactive-streams-http\jars\netty-reactive-streams-http-1.0.8.jar, C:\Users\main\.ivy2\cache\com.typesafe.netty\netty-reactive-streams\jars\netty-reactive-streams-1.0.8.jar, C:\Users\main\.ivy2\cache\io.netty\netty-handler\jars\netty-handler-4.0.41.Final.jar, C:\Users\main\.ivy2\cache\io.netty\netty-buffer\jars\netty-buffer-4.0.41.Final.jar, C:\Users\main\.ivy2\cache\io.netty\netty-common\jars\netty-common-4.0.41.Final.jar, C:\Users\main\.ivy2\cache\io.netty\netty-transport\jars\netty-transport-4.0.41.Final.jar, C:\Users\main\.ivy2\cache\io.netty\netty-codec\jars\netty-codec-4.0.41.Final.jar, C:\Users\main\.ivy2\cache\io.netty\netty-codec-http\jars\netty-codec-http-4.0.41.Final.jar, C:\Users\main\.ivy2\cache\io.netty\netty-transport-native-epoll\jars\netty-transport-native-epoll-4.0.41.Final-linux-x86_64.jar, C:\Users\main\.ivy2\cache\com.typesafe.play\play-logback_2.11\jars\play-logback_2.11-2.5.9.jar, C:\Users\main\.ivy2\cache\ch.qos.logback\logback-classic\jars\logback-classic-1.1.7.jar, C:\Users\main\.ivy2\cache\ch.qos.logback\logback-core\jars\logback-core-1.1.7.jar, C:\Users\main\.ivy2\cache\com.typesafe.play\play-java-jdbc_2.11\jars\play-java-jdbc_2.11-2.5.9.jar, C:\Users\main\.ivy2\cache\com.typesafe.play\play-jdbc_2.11\jars\play-jdbc_2.11-2.5.9.jar, C:\Users\main\.ivy2\cache\com.typesafe.play\play-jdbc-api_2.11\jars\play-jdbc-api_2.11-2.5.9.jar, C:\Users\main\.ivy2\cache\com.jolbox\bonecp\bundles\bonecp-0.8.0.RELEASE.jar, C:\Users\main\.ivy2\cache\com.zaxxer\HikariCP\bundles\HikariCP-2.5.1.jar, C:\Users\main\.ivy2\cache\com.googlecode.usc\jdbcdslog\jars\jdbcdslog-1.0.6.2.jar, C:\Users\main\.ivy2\cache\com.h2database\h2\jars\h2-1.4.192.jar, C:\Users\main\.ivy2\cache\tyrex\tyrex\jars\tyrex-1.0.1.jar, C:\Users\main\.ivy2\cache\com.typesafe.play\play-cache_2.11\jars\play-cache_2.11-2.5.9.jar, C:\Users\main\.ivy2\cache\net.sf.ehcache\ehcache-core\jars\ehcache-core-2.6.11.jar, C:\Users\main\.ivy2\cache\com.typesafe.play\play-java-ws_2.11\jars\play-java-ws_2.11-2.5.9.jar, C:\Users\main\.ivy2\cache\com.typesafe.play\play-ws_2.11\jars\play-ws_2.11-2.5.9.jar, C:\Users\main\.ivy2\cache\org.asynchttpclient\async-http-client\jars\async-http-client-2.0.11.jar, C:\Users\main\.ivy2\cache\org.asynchttpclient\netty-resolver-dns\jars\netty-resolver-dns-2.0.11.jar, C:\Users\main\.ivy2\cache\org.asynchttpclient\netty-resolver\jars\netty-resolver-2.0.11.jar, C:\Users\main\.ivy2\cache\org.asynchttpclient\netty-codec-dns\jars\netty-codec-dns-2.0.11.jar, C:\Users\main\.ivy2\cache\org.javassist\javassist\bundles\javassist-3.20.0-GA.jar, C:\Users\main\.ivy2\cache\oauth.signpost\signpost-core\jars\signpost-core-1.2.1.2.jar, C:\Users\main\.ivy2\cache\oauth.signpost\signpost-commonshttp4\jars\signpost-commonshttp4-1.2.1.2.jar, C:\Users\main\.ivy2\cache\org.apache.httpcomponents\httpcore\jars\httpcore-4.0.1.jar, C:\Users\main\.ivy2\cache\org.apache.httpcomponents\httpclient\jars\httpclient-4.0.1.jar, C:\Users\main\.ivy2\cache\commons-logging\commons-logging\jars\commons-logging-1.1.1.jar, C:\Users\main\.ivy2\cache\mysql\mysql-connector-java\jars\mysql-connector-java-5.1.40.jar, C:\Users\main\.ivy2\cache\com.typesafe.play\play-jdbc-evolutions_2.11\jars\play-jdbc-evolutions_2.11-2.5.9.jar),List((public/,C:\play\activator-1.3.12-minimal\bin\crudtraining2\target\web\public\main)),List(C:\Users\main\.ivy2\cache\com.typesafe.play\play-omnidoc_2.11\jars\play-omnidoc_2.11-2.5.9.jar, C:\Users\main\.ivy2\cache\org.scala-lang\scala-library\jars\scala-library-2.11.7.jar, C:\Users\main\.ivy2\cache\com.typesafe.play\play-docs_2.11\jars\play-docs_2.11-2.5.9.jar, C:\Users\main\.ivy2\cache\com.typesafe.play\play-netty-server_2.11\jars\play-netty-server_2.11-2.5.9.jar, C:\Users\main\.ivy2\cache\com.typesafe.play\play-server_2.11\jars\play-server_2.11-2.5.9.jar, C:\Users\main\.ivy2\cache\com.typesafe.play\play_2.11\jars\play_2.11-2.5.9.jar, C:\Users\main\.ivy2\cache\com.typesafe.play\build-link\jars\build-link-2.5.9.jar, C:\Users\main\.ivy2\cache\com.typesafe.play\play-exceptions\jars\play-exceptions-2.5.9.jar, C:\Users\main\.ivy2\cache\com.typesafe.play\play-iteratees_2.11\jars\play-iteratees_2.11-2.5.9.jar, C:\Users\main\.ivy2\cache\org.scala-stm\scala-stm_2.11\jars\scala-stm_2.11-0.7.jar, C:\Users\main\.ivy2\cache\com.typesafe\config\bundles\config-1.3.0.jar, C:\Users\main\.ivy2\cache\com.typesafe.play\play-json_2.11\jars\play-json_2.11-2.5.9.jar, C:\Users\main\.ivy2\cache\com.typesafe.play\play-functional_2.11\jars\play-functional_2.11-2.5.9.jar, C:\Users\main\.ivy2\cache\com.typesafe.play\play-datacommons_2.11\jars\play-datacommons_2.11-2.5.9.jar, C:\Users\main\.ivy2\cache\joda-time\joda-time\jars\joda-time-2.9.4.jar, C:\Users\main\.ivy2\cache\org.joda\joda-convert\jars\joda-convert-1.8.1.jar, C:\Users\main\.ivy2\cache\org.scala-lang\scala-reflect\jars\scala-reflect-2.11.7.jar, C:\Users\main\.ivy2\cache\com.fasterxml.jackson.core\jackson-core\bundles\jackson-core-2.7.6.jar, C:\Users\main\.ivy2\cache\com.fasterxml.jackson.core\jackson-annotations\bundles\jackson-annotations-2.7.6.jar, C:\Users\main\.ivy2\cache\com.fasterxml.jackson.core\jackson-databind\bundles\jackson-databind-2.7.6.jar, C:\Users\main\.ivy2\cache\com.fasterxml.jackson.datatype\jackson-datatype-jdk8\bundles\jackson-datatype-jdk8-2.7.6.jar, C:\Users\main\.ivy2\cache\com.fasterxml.jackson.datatype\jackson-datatype-jsr310\bundles\jackson-datatype-jsr310-2.7.6.jar, C:\Users\main\.ivy2\cache\com.typesafe.play\play-netty-utils\jars\play-netty-utils-2.5.9.jar, C:\Users\main\.ivy2\cache\org.slf4j\slf4j-api\jars\slf4j-api-1.7.21.jar, C:\Users\main\.ivy2\cache\org.slf4j\jul-to-slf4j\jars\jul-to-slf4j-1.7.21.jar, C:\Users\main\.ivy2\cache\org.slf4j\jcl-over-slf4j\jars\jcl-over-slf4j-1.7.21.jar, C:\Users\main\.ivy2\cache\com.typesafe.play\play-streams_2.11\jars\play-streams_2.11-2.5.9.jar, C:\Users\main\.ivy2\cache\org.reactivestreams\reactive-streams\jars\reactive-streams-1.0.0.jar, C:\Users\main\.ivy2\cache\com.typesafe.akka\akka-stream_2.11\jars\akka-stream_2.11-2.4.10.jar, C:\Users\main\.ivy2\cache\com.typesafe.akka\akka-actor_2.11\jars\akka-actor_2.11-2.4.10.jar, C:\Users\main\.ivy2\cache\org.scala-lang.modules\scala-java8-compat_2.11\bundles\scala-java8-compat_2.11-0.7.0.jar, C:\Users\main\.ivy2\cache\com.typesafe\ssl-config-akka_2.11\bundles\ssl-config-akka_2.11-0.2.1.jar, C:\Users\main\.ivy2\cache\com.typesafe\ssl-config-core_2.11\bundles\ssl-config-core_2.11-0.2.1.jar, C:\Users\main\.ivy2\cache\org.scala-lang.modules\scala-parser-combinators_2.11\bundles\scala-parser-combinators_2.11-1.0.4.jar, C:\Users\main\.ivy2\cache\com.typesafe.play\twirl-api_2.11\jars\twirl-api_2.11-1.1.1.jar, C:\Users\main\.ivy2\cache\org.apache.commons\commons-lang3\jars\commons-lang3-3.4.jar, C:\Users\main\.ivy2\cache\org.scala-lang.modules\scala-xml_2.11\bundles\scala-xml_2.11-1.0.1.jar, C:\Users\main\.ivy2\cache\com.typesafe.akka\akka-slf4j_2.11\jars\akka-slf4j_2.11-2.4.10.jar, C:\Users\main\.ivy2\cache\commons-codec\commons-codec\jars\commons-codec-1.10.jar, C:\Users\main\.ivy2\cache\xerces\xercesImpl\jars\xercesImpl-2.11.0.jar, C:\Users\main\.ivy2\cache\xml-apis\xml-apis\jars\xml-apis-1.4.01.jar, C:\Users\main\.ivy2\cache\javax.transaction\jta\jars\jta-1.1.jar, C:\Users\main\.ivy2\cache\com.google.inject\guice\jars\guice-4.0.jar, C:\Users\main\.ivy2\cache\javax.inject\javax.inject\jars\javax.inject-1.jar, C:\Users\main\.ivy2\cache\aopalliance\aopalliance\jars\aopalliance-1.0.jar, C:\Users\main\.ivy2\cache\com.google.guava\guava\bundles\guava-16.0.1.jar, C:\Users\main\.ivy2\cache\com.google.inject.extensions\guice-assistedinject\jars\guice-assistedinject-4.0.jar, C:\Users\main\.ivy2\cache\com.typesafe.netty\netty-reactive-streams-http\jars\netty-reactive-streams-http-1.0.8.jar, C:\Users\main\.ivy2\cache\com.typesafe.netty\netty-reactive-streams\jars\netty-reactive-streams-1.0.8.jar, C:\Users\main\.ivy2\cache\io.netty\netty-handler\jars\netty-handler-4.0.41.Final.jar, C:\Users\main\.ivy2\cache\io.netty\netty-buffer\jars\netty-buffer-4.0.41.Final.jar, C:\Users\main\.ivy2\cache\io.netty\netty-common\jars\netty-common-4.0.41.Final.jar, C:\Users\main\.ivy2\cache\io.netty\netty-transport\jars\netty-transport-4.0.41.Final.jar, C:\Users\main\.ivy2\cache\io.netty\netty-codec\jars\netty-codec-4.0.41.Final.jar, C:\Users\main\.ivy2\cache\io.netty\netty-codec-http\jars\netty-codec-http-4.0.41.Final.jar, C:\Users\main\.ivy2\cache\io.netty\netty-transport-native-epoll\jars\netty-transport-native-epoll-4.0.41.Final-linux-x86_64.jar, C:\Users\main\.ivy2\cache\com.typesafe.play\play-doc_2.11\jars\play-doc_2.11-1.2.2.jar, C:\Users\main\.ivy2\cache\org.pegdown\pegdown\jars\pegdown-1.4.0.jar, C:\Users\main\.ivy2\cache\org.parboiled\parboiled-java\bundles\parboiled-java-1.1.5.jar, C:\Users\main\.ivy2\cache\org.parboiled\parboiled-core\bundles\parboiled-core-1.1.5.jar, C:\Users\main\.ivy2\cache\org.ow2.asm\asm\jars\asm-4.1.jar, C:\Users\main\.ivy2\cache\org.ow2.asm\asm-tree\jars\asm-tree-4.1.jar, C:\Users\main\.ivy2\cache\org.ow2.asm\asm-analysis\jars\asm-analysis-4.1.jar, C:\Users\main\.ivy2\cache\org.ow2.asm\asm-util\jars\asm-util-4.1.jar, C:\Users\main\.ivy2\cache\commons-io\commons-io\jars\commons-io-2.4.jar),Some(C:\Users\main\.ivy2\cache\com.typesafe.play\play-omnidoc_2.11\jars\play-omnidoc_2.11-2.5.9.jar),List(),9000,0.0.0.0,DefaultWatchService,List(C:\play\activator-1.3.12-minimal\bin\crudtraining2\public, C:\play\activator-1.3.12-minimal\bin\crudtraining2\conf, C:\play\activator-1.3.12-minimal\bin\crudtraining2\app),C:\play\activator-1.3.12-minimal\bin\crudtraining2\target,500,root/playForkNotifyStart,root/playForkReload,300000,play.core.server.DevServerStart))))
Sending msg to client play-fork-run-60edf294-0a94-4adc-b97b-ea2013dc28d6: TaskStarted(6,443,None)
Sending msg to client play-fork-run-60edf294-0a94-4adc-b97b-ea2013dc28d6: TaskFinished(6,443,None,true,None)
Sending msg to client play-fork-run-60edf294-0a94-4adc-b97b-ea2013dc28d6: TaskStarted(6,442,None)
Sending msg to client play-fork-run-60edf294-0a94-4adc-b97b-ea2013dc28d6: TaskFinished(6,442,None,true,None)
Sending msg to client play-fork-run-60edf294-0a94-4adc-b97b-ea2013dc28d6: DetachedLogEvent(LogMessage(debug,cancel strategy finish enabled=false lastCommand=Some(LastCommand(CommandExecutionWork(ExecutionId(6),{file:/C:/play/activator-1.3.12-minimal/bin/crudtraining2/}root/*:playForkConfig,Set(LiveClient(play-fork-run 60edf294-0a94-4adc-b97b-ea2013dc28d6)),sbt.server.WorkCancellationStatus$$anon$1@143a62d5)))))
Sending msg to client play-fork-run-60edf294-0a94-4adc-b97b-ea2013dc28d6: DetachedLogEvent(LogSuccess(Total time: 1 s, completed 2016/10/29 10:03:26))
Sending msg to client play-fork-run-60edf294-0a94-4adc-b97b-ea2013dc28d6: DetachedLogEvent(LogMessage(debug,> server-post-command-cleanup))
Sending msg to client play-fork-run-60edf294-0a94-4adc-b97b-ea2013dc28d6: ExecutionSuccess(6)
Sending msg to client play-fork-run-60edf294-0a94-4adc-b97b-ea2013dc28d6: DetachedLogEvent(LogMessage(debug,> server-handle-next-server-request))
Sending msg to client play-fork-run-60edf294-0a94-4adc-b97b-ea2013dc28d6: BackgroundJobLogEvent(1,LogMessage(info,))
Sending msg to client play-fork-run-60edf294-0a94-4adc-b97b-ea2013dc28d6: BackgroundJobLogEvent(1,LogMessage(info,--- (Running the application, auto-reloading is enabled) ---))
Sending msg to client play-fork-run-60edf294-0a94-4adc-b97b-ea2013dc28d6: BackgroundJobLogEvent(1,LogMessage(info,))
Sending msg to client play-fork-run-60edf294-0a94-4adc-b97b-ea2013dc28d6: BackgroundJobLogEvent(1,LogMessage(info,p.c.s.NettyServer - Listening for HTTP on /0:0:0:0:0:0:0:0:9000))
Sending msg to client play-fork-run-60edf294-0a94-4adc-b97b-ea2013dc28d6: BackgroundJobLogEvent(1,LogMessage(info,))
Sending msg to client play-fork-run-60edf294-0a94-4adc-b97b-ea2013dc28d6: BackgroundJobLogEvent(1,LogMessage(info,(Server started, use Ctrl+D to stop and go back to the console...)))
Sending msg to client play-fork-run-60edf294-0a94-4adc-b97b-ea2013dc28d6: BackgroundJobLogEvent(1,LogMessage(info,))
Got request: ExecutionRequest(root/playForkNotifyStart http://localhost:9000)
Reading next message from client.
Sending msg to client play-fork-run-60edf294-0a94-4adc-b97b-ea2013dc28d6: (8,ExecutionRequestReceived(7))
Sending msg to client play-fork-run-60edf294-0a94-4adc-b97b-ea2013dc28d6: ExecutionWaiting(7,root/playForkNotifyStart http://localhost:9000,ClientInfo(60edf294-0a94-4adc-b97b-ea2013dc28d6,play-fork-run,Play Fork Run,1,Vector()))
Sending msg to client play-fork-run-60edf294-0a94-4adc-b97b-ea2013dc28d6: ExecutionStarting(7)
Sending msg to client play-fork-run-60edf294-0a94-4adc-b97b-ea2013dc28d6: DetachedLogEvent(LogMessage(debug,> root/playForkNotifyStart http://localhost:9000))
Sending msg to client play-fork-run-60edf294-0a94-4adc-b97b-ea2013dc28d6: DetachedLogEvent(LogMessage(debug,Evaluating tasks: *:playForkNotifyStart))
Sending msg to client play-fork-run-60edf294-0a94-4adc-b97b-ea2013dc28d6: DetachedLogEvent(LogMessage(debug,Running task... Cancel: sbt.server.ServerTaskCancellation@6b32c3fb, check cycles: false))
Sending msg to client play-fork-run-60edf294-0a94-4adc-b97b-ea2013dc28d6: DetachedLogEvent(LogMessage(debug,cancel strategy start enabled=true lastCommand=Some(LastCommand(CommandExecutionWork(ExecutionId(7),root/playForkNotifyStart http://localhost:9000,Set(LiveClient(play-fork-run 60edf294-0a94-4adc-b97b-ea2013dc28d6)),sbt.server.WorkCancellationStatus$$anon$1@64785c28)))))
Sending msg to client play-fork-run-60edf294-0a94-4adc-b97b-ea2013dc28d6: TaskStarted(7,522,Some(AttributeKey[sbt.SendEventService]("sendEventService") in Scope(Global)))
Sending msg to client play-fork-run-60edf294-0a94-4adc-b97b-ea2013dc28d6: TaskFinished(7,522,Some(AttributeKey[sbt.SendEventService]("sendEventService") in Scope(Global)),true,None)
Sending msg to client play-fork-run-60edf294-0a94-4adc-b97b-ea2013dc28d6: TaskStarted(7,521,Some(AttributeKey[scala.Function1[java.lang.String,void]]("playForkStarted") in Scope(Build: file:/C:/play/activator-1.3.12-minimal/bin/crudtraining2/, , Project: ProjectReference(file:/C:/play/activator-1.3.12-minimal/bin/crudtraining2/,root))))
Sending msg to client play-fork-run-60edf294-0a94-4adc-b97b-ea2013dc28d6: TaskFinished(7,521,Some(AttributeKey[scala.Function1[java.lang.String,void]]("playForkStarted") in Scope(Build: file:/C:/play/activator-1.3.12-minimal/bin/crudtraining2/, , Project: ProjectReference(file:/C:/play/activator-1.3.12-minimal/bin/crudtraining2/,root))),true,None)
Sending msg to client play-fork-run-60edf294-0a94-4adc-b97b-ea2013dc28d6: TaskStarted(7,520,Some(AttributeKey[void]("playForkNotifyStart") in Scope(Build: file:/C:/play/activator-1.3.12-minimal/bin/crudtraining2/, , Project: ProjectReference(file:/C:/play/activator-1.3.12-minimal/bin/crudtraining2/,root))))
Sending msg to client play-fork-run-60edf294-0a94-4adc-b97b-ea2013dc28d6: TaskEvent(520,LazyValue(PlayServerStarted(http://localhost:9000),play.forkrun.protocol.Serializers$PlayForkrunProtocolPlayServerStartedPickler1$2$@2f4aec14))
Sending msg to client play-fork-run-60edf294-0a94-4adc-b97b-ea2013dc28d6: TaskFinished(7,520,Some(AttributeKey[void]("playForkNotifyStart") in Scope(Build: file:/C:/play/activator-1.3.12-minimal/bin/crudtraining2/, , Project: ProjectReference(file:/C:/play/activator-1.3.12-minimal/bin/crudtraining2/,root))),true,None)
Sending msg to client play-fork-run-60edf294-0a94-4adc-b97b-ea2013dc28d6: TaskStarted(7,519,None)
Sending msg to client play-fork-run-60edf294-0a94-4adc-b97b-ea2013dc28d6: TaskFinished(7,519,None,true,None)
Sending msg to client play-fork-run-60edf294-0a94-4adc-b97b-ea2013dc28d6: TaskStarted(7,518,None)
Sending msg to client play-fork-run-60edf294-0a94-4adc-b97b-ea2013dc28d6: TaskFinished(7,518,None,true,None)
Sending msg to client play-fork-run-60edf294-0a94-4adc-b97b-ea2013dc28d6: DetachedLogEvent(LogMessage(debug,cancel strategy finish enabled=false lastCommand=Some(LastCommand(CommandExecutionWork(ExecutionId(7),root/playForkNotifyStart http://localhost:9000,Set(LiveClient(play-fork-run 60edf294-0a94-4adc-b97b-ea2013dc28d6)),sbt.server.WorkCancellationStatus$$anon$1@64785c28)))))
Sending msg to client play-fork-run-60edf294-0a94-4adc-b97b-ea2013dc28d6: DetachedLogEvent(LogSuccess(Total time: 0 s, completed 2016/10/29 10:03:29))
Sending msg to client play-fork-run-60edf294-0a94-4adc-b97b-ea2013dc28d6: DetachedLogEvent(LogMessage(debug,> server-post-command-cleanup))
Sending msg to client play-fork-run-60edf294-0a94-4adc-b97b-ea2013dc28d6: ExecutionSuccess(7)
Sending msg to client play-fork-run-60edf294-0a94-4adc-b97b-ea2013dc28d6: DetachedLogEvent(LogMessage(debug,> server-handle-next-server-request))
Sending msg to client play-fork-run-60edf294-0a94-4adc-b97b-ea2013dc28d6: ExecutionWaiting(8,jobStop 1,ClientInfo(1098e3dd-eddf-47a7-be60-d8607cf3db4f,activator,Activator,3,Vector()))
Sending msg to client play-fork-run-60edf294-0a94-4adc-b97b-ea2013dc28d6: ExecutionStarting(8)
Sending msg to client play-fork-run-60edf294-0a94-4adc-b97b-ea2013dc28d6: DetachedLogEvent(LogMessage(debug,> jobStop 1))
Sending msg to client play-fork-run-60edf294-0a94-4adc-b97b-ea2013dc28d6: DetachedLogEvent(LogMessage(debug,Evaluating tasks: *:jobStop))
Sending msg to client play-fork-run-60edf294-0a94-4adc-b97b-ea2013dc28d6: DetachedLogEvent(LogMessage(debug,Running task... Cancel: sbt.server.ServerTaskCancellation@4891cdca, check cycles: false))
Sending msg to client play-fork-run-60edf294-0a94-4adc-b97b-ea2013dc28d6: DetachedLogEvent(LogMessage(debug,cancel strategy start enabled=true lastCommand=Some(LastCommand(CommandExecutionWork(ExecutionId(8),jobStop 1,Set(LiveClient(activator 1098e3dd-eddf-47a7-be60-d8607cf3db4f)),sbt.server.WorkCancellationStatus$$anon$1@6e03ad3c)))))
Sending msg to client play-fork-run-60edf294-0a94-4adc-b97b-ea2013dc28d6: TaskStarted(8,525,Some(AttributeKey[void]("jobStop") in Scope(Global)))
Sending msg to client play-fork-run-60edf294-0a94-4adc-b97b-ea2013dc28d6: TaskFinished(8,525,Some(AttributeKey[void]("jobStop") in Scope(Global)),true,None)
Sending msg to client play-fork-run-60edf294-0a94-4adc-b97b-ea2013dc28d6: BackgroundJobLogEvent(1,LogMessage(info,Stopping Play fork run ...))
Sending msg to client play-fork-run-60edf294-0a94-4adc-b97b-ea2013dc28d6: TaskStarted(8,524,None)
Sending msg to client play-fork-run-60edf294-0a94-4adc-b97b-ea2013dc28d6: TaskFinished(8,524,None,true,None)
Sending msg to client play-fork-run-60edf294-0a94-4adc-b97b-ea2013dc28d6: TaskStarted(8,523,None)
Sending msg to client play-fork-run-60edf294-0a94-4adc-b97b-ea2013dc28d6: TaskFinished(8,523,None,true,None)
Sending msg to client play-fork-run-60edf294-0a94-4adc-b97b-ea2013dc28d6: DetachedLogEvent(LogMessage(debug,cancel strategy finish enabled=false lastCommand=Some(LastCommand(CommandExecutionWork(ExecutionId(8),jobStop 1,Set(LiveClient(activator 1098e3dd-eddf-47a7-be60-d8607cf3db4f)),sbt.server.WorkCancellationStatus$$anon$1@6e03ad3c)))))
Sending msg to client play-fork-run-60edf294-0a94-4adc-b97b-ea2013dc28d6: DetachedLogEvent(LogSuccess(Total time: 0 s, completed 2016/10/29 10:05:44))
Sending msg to client play-fork-run-60edf294-0a94-4adc-b97b-ea2013dc28d6: DetachedLogEvent(LogMessage(debug,> server-post-command-cleanup))
Sending msg to client play-fork-run-60edf294-0a94-4adc-b97b-ea2013dc28d6: ExecutionSuccess(8)
Sending msg to client play-fork-run-60edf294-0a94-4adc-b97b-ea2013dc28d6: DetachedLogEvent(LogMessage(debug,> server-handle-next-server-request))
Sending msg to client play-fork-run-60edf294-0a94-4adc-b97b-ea2013dc28d6: BackgroundJobLogEvent(1,LogMessage(info,p.c.s.NettyServer - Stopping server...))
Got request: UnlistenToEvents()
Reading next message from client.
Sending msg to client play-fork-run-60edf294-0a94-4adc-b97b-ea2013dc28d6: (9,ReceivedResponse())
Got request: UnlistenToValue(AttributeKey[play.forkrun.protocol.ForkConfig]("playForkConfig") in Scope(Build: file:/C:/play/activator-1.3.12-minimal/bin/crudtraining2/, , Project: ProjectReference(file:/C:/play/activator-1.3.12-minimal/bin/crudtraining2/,root)))
Reading next message from client.
Client play-fork-run-60edf294-0a94-4adc-b97b-ea2013dc28d6 EOF, shutting down.
Stopping client.
Dropping message (10,ReceivedResponse()) to dead client play-fork-run-60edf294-0a94-4adc-b97b-ea2013dc28d6
Dropping message (0,ReceivedResponse()) to dead client play-fork-run-60edf294-0a94-4adc-b97b-ea2013dc28d6
Client play-fork-run-60edf294-0a94-4adc-b97b-ea2013dc28d6 thread exiting.
